# Logfile created on 2014-03-06 17:38:40 +0530 by logger.rb/44203
I, [2014-03-06T17:38:40.934709 #9593]  INFO -- : 0:  rake (10.1.1) from /usr/local/rvm/gems/ruby-2.1.0/specifications/rake-10.1.1.gemspec
I, [2014-03-06T17:38:40.935256 #9593]  INFO -- : 0:  i18n (0.6.9) from /usr/local/rvm/gems/ruby-2.1.0/specifications/i18n-0.6.9.gemspec
I, [2014-03-06T17:38:40.935666 #9593]  INFO -- : 0:  multi_json (1.9.0) from /usr/local/rvm/gems/ruby-2.1.0/specifications/multi_json-1.9.0.gemspec
I, [2014-03-06T17:38:40.935916 #9593]  INFO -- : 0:  activesupport (3.2.12) from /usr/local/rvm/gems/ruby-2.1.0/specifications/activesupport-3.2.12.gemspec
I, [2014-03-06T17:38:40.936209 #9593]  INFO -- : 0:  builder (3.0.4) from /usr/local/rvm/gems/ruby-2.1.0/specifications/builder-3.0.4.gemspec
I, [2014-03-06T17:38:40.936453 #9593]  INFO -- : 0:  activemodel (3.2.12) from /usr/local/rvm/gems/ruby-2.1.0/specifications/activemodel-3.2.12.gemspec
I, [2014-03-06T17:38:40.936695 #9593]  INFO -- : 0:  erubis (2.7.0) from /usr/local/rvm/gems/ruby-2.1.0/specifications/erubis-2.7.0.gemspec
I, [2014-03-06T17:38:40.936961 #9593]  INFO -- : 0:  journey (1.0.4) from /usr/local/rvm/gems/ruby-2.1.0/specifications/journey-1.0.4.gemspec
I, [2014-03-06T17:38:40.937199 #9593]  INFO -- : 0:  rack (1.4.5) from /usr/local/rvm/gems/ruby-2.1.0/specifications/rack-1.4.5.gemspec
I, [2014-03-06T17:38:40.937485 #9593]  INFO -- : 0:  rack-cache (1.2) from /usr/local/rvm/gems/ruby-2.1.0/specifications/rack-cache-1.2.gemspec
I, [2014-03-06T17:38:40.937719 #9593]  INFO -- : 0:  rack-test (0.6.2) from /usr/local/rvm/gems/ruby-2.1.0/specifications/rack-test-0.6.2.gemspec
I, [2014-03-06T17:38:40.937980 #9593]  INFO -- : 0:  hike (1.2.3) from /usr/local/rvm/gems/ruby-2.1.0/specifications/hike-1.2.3.gemspec
I, [2014-03-06T17:38:40.938210 #9593]  INFO -- : 0:  tilt (1.4.1) from /usr/local/rvm/gems/ruby-2.1.0/specifications/tilt-1.4.1.gemspec
I, [2014-03-06T17:38:40.938635 #9593]  INFO -- : 0:  sprockets (2.2.2) from /usr/local/rvm/gems/ruby-2.1.0/specifications/sprockets-2.2.2.gemspec
I, [2014-03-06T17:38:40.938944 #9593]  INFO -- : 0:  actionpack (3.2.12) from /usr/local/rvm/gems/ruby-2.1.0/specifications/actionpack-3.2.12.gemspec
I, [2014-03-06T17:38:40.939204 #9593]  INFO -- : 0:  mime-types (1.25.1) from /usr/local/rvm/gems/ruby-2.1.0/specifications/mime-types-1.25.1.gemspec
I, [2014-03-06T17:38:40.939440 #9593]  INFO -- : 0:  polyglot (0.3.4) from /usr/local/rvm/gems/ruby-2.1.0/specifications/polyglot-0.3.4.gemspec
I, [2014-03-06T17:38:40.939700 #9593]  INFO -- : 0:  treetop (1.4.15) from /usr/local/rvm/gems/ruby-2.1.0/specifications/treetop-1.4.15.gemspec
I, [2014-03-06T17:38:40.939936 #9593]  INFO -- : 0:  mail (2.4.4) from /usr/local/rvm/gems/ruby-2.1.0/specifications/mail-2.4.4.gemspec
I, [2014-03-06T17:38:40.940200 #9593]  INFO -- : 0:  actionmailer (3.2.12) from /usr/local/rvm/gems/ruby-2.1.0/specifications/actionmailer-3.2.12.gemspec
I, [2014-03-06T17:38:40.940434 #9593]  INFO -- : 0:  active_utils (2.0.2) from /usr/local/rvm/gems/ruby-2.1.0/specifications/active_utils-2.0.2.gemspec
I, [2014-03-06T17:38:40.940695 #9593]  INFO -- : 0:  arbre (1.0.1) from /usr/local/rvm/gems/ruby-2.1.0/specifications/arbre-1.0.1.gemspec
I, [2014-03-06T17:38:40.940926 #9593]  INFO -- : 0:  sass (3.2.14) from /usr/local/rvm/gems/ruby-2.1.0/specifications/sass-3.2.14.gemspec
I, [2014-03-06T17:38:40.941183 #9593]  INFO -- : 0:  thor (0.18.1) from /usr/local/rvm/gems/ruby-2.1.0/specifications/thor-0.18.1.gemspec
I, [2014-03-06T17:38:40.941434 #9593]  INFO -- : 0:  bourbon (3.1.8) from /usr/local/rvm/gems/ruby-2.1.0/specifications/bourbon-3.1.8.gemspec
I, [2014-03-06T17:38:40.941696 #9593]  INFO -- : 0:  bcrypt (3.1.7) from /usr/local/rvm/gems/ruby-2.1.0/specifications/bcrypt-3.1.7.gemspec
I, [2014-03-06T17:38:40.941936 #9593]  INFO -- : 0:  bcrypt-ruby (3.1.5) from /usr/local/rvm/gems/ruby-2.1.0/specifications/bcrypt-ruby-3.1.5.gemspec
I, [2014-03-06T17:38:40.942200 #9593]  INFO -- : 0:  orm_adapter (0.5.0) from /usr/local/rvm/gems/ruby-2.1.0/specifications/orm_adapter-0.5.0.gemspec
I, [2014-03-06T17:38:40.942430 #9593]  INFO -- : 0:  rack-ssl (1.3.3) from /usr/local/rvm/gems/ruby-2.1.0/specifications/rack-ssl-1.3.3.gemspec
I, [2014-03-06T17:38:43.294113 #9593]  INFO -- : 0:  json (1.8.1) from /usr/local/rvm/gems/ruby-2.1.0/specifications/json-1.8.1.gemspec
I, [2014-03-06T17:38:43.294896 #9593]  INFO -- : 0:  rdoc (3.12.2) from /usr/local/rvm/gems/ruby-2.1.0/specifications/rdoc-3.12.2.gemspec
I, [2014-03-06T17:38:43.295494 #9593]  INFO -- : 0:  railties (3.2.12) from /usr/local/rvm/gems/ruby-2.1.0/specifications/railties-3.2.12.gemspec
I, [2014-03-06T17:38:43.295958 #9593]  INFO -- : 0:  warden (1.2.3) from /usr/local/rvm/gems/ruby-2.1.0/specifications/warden-1.2.3.gemspec
I, [2014-03-06T17:38:43.296511 #9593]  INFO -- : 0:  devise (3.0.0) from /usr/local/rvm/gems/ruby-2.1.0/specifications/devise-3.0.0.gemspec
I, [2014-03-06T17:38:43.296955 #9593]  INFO -- : 0:  fastercsv (1.5.5) from /usr/local/rvm/gems/ruby-2.1.0/specifications/fastercsv-1.5.5.gemspec
I, [2014-03-06T17:38:43.297555 #9593]  INFO -- : 0:  formtastic (2.2.1) from /usr/local/rvm/gems/ruby-2.1.0/specifications/formtastic-2.2.1.gemspec
I, [2014-03-06T17:38:43.297999 #9593]  INFO -- : 0:  has_scope (0.6.0.rc) from /usr/local/rvm/gems/ruby-2.1.0/specifications/has_scope-0.6.0.rc.gemspec
I, [2014-03-06T17:38:43.298550 #9593]  INFO -- : 0:  responders (1.0.0) from /usr/local/rvm/gems/ruby-2.1.0/specifications/responders-1.0.0.gemspec
I, [2014-03-06T17:38:43.298988 #9593]  INFO -- : 0:  inherited_resources (1.4.1) from /usr/local/rvm/gems/ruby-2.1.0/specifications/inherited_resources-1.4.1.gemspec
I, [2014-03-06T17:38:43.299502 #9593]  INFO -- : 0:  jquery-rails (3.1.0) from /usr/local/rvm/gems/ruby-2.1.0/specifications/jquery-rails-3.1.0.gemspec
I, [2014-03-06T17:38:43.299940 #9593]  INFO -- : 0:  kaminari (0.15.1) from /usr/local/rvm/gems/ruby-2.1.0/specifications/kaminari-0.15.1.gemspec
I, [2014-03-06T17:38:43.300566 #9593]  INFO -- : 0:  arel (3.0.3) from /usr/local/rvm/gems/ruby-2.1.0/specifications/arel-3.0.3.gemspec
I, [2014-03-06T17:38:43.301032 #9593]  INFO -- : 0:  tzinfo (0.3.38) from /usr/local/rvm/gems/ruby-2.1.0/specifications/tzinfo-0.3.38.gemspec
I, [2014-03-06T17:38:43.301631 #9593]  INFO -- : 0:  activerecord (3.2.12) from /usr/local/rvm/gems/ruby-2.1.0/specifications/activerecord-3.2.12.gemspec
I, [2014-03-06T17:38:43.302170 #9593]  INFO -- : 0:  polyamorous (0.5.0) from /usr/local/rvm/gems/ruby-2.1.0/specifications/polyamorous-0.5.0.gemspec
I, [2014-03-06T17:38:43.302775 #9593]  INFO -- : 0:  meta_search (1.1.3) from /usr/local/rvm/gems/ruby-2.1.0/specifications/meta_search-1.1.3.gemspec
I, [2014-03-06T17:38:43.303385 #9593]  INFO -- : 0:  activeresource (3.2.12) from /usr/local/rvm/gems/ruby-2.1.0/specifications/activeresource-3.2.12.gemspec
I, [2014-03-06T17:38:43.304085 #9593]  INFO -- : 0:  bundler (1.5.0) from /usr/local/rvm/gems/ruby-2.1.0@global/specifications/bundler-1.5.0.gemspec
I, [2014-03-06T17:38:43.304590 #9593]  INFO -- : 0:  rails (3.2.12) from /usr/local/rvm/gems/ruby-2.1.0/specifications/rails-3.2.12.gemspec
I, [2014-03-06T17:38:43.305153 #9593]  INFO -- : 0:  activeadmin (0.6.0) from /usr/local/rvm/gems/ruby-2.1.0/specifications/activeadmin-0.6.0.gemspec
I, [2014-03-06T17:38:43.305575 #9593]  INFO -- : 0:  monetize (0.1.4) from /usr/local/rvm/gems/ruby-2.1.0/specifications/monetize-0.1.4.gemspec
I, [2014-03-06T17:38:43.305867 #9593]  INFO -- : 0:  money (6.0.1) from /usr/local/rvm/gems/ruby-2.1.0/specifications/money-6.0.1.gemspec
I, [2014-03-06T17:38:43.306123 #9593]  INFO -- : 0:  mini_portile (0.5.2) from /usr/local/rvm/gems/ruby-2.1.0/specifications/mini_portile-0.5.2.gemspec
I, [2014-03-06T17:38:43.306417 #9593]  INFO -- : 0:  nokogiri (1.6.1) from /usr/local/rvm/gems/ruby-2.1.0/specifications/nokogiri-1.6.1.gemspec
I, [2014-03-06T17:38:43.306679 #9593]  INFO -- : 0:  activemerchant (1.42.6) from /usr/local/rvm/gems/ruby-2.1.0/specifications/activemerchant-1.42.6.gemspec
I, [2014-03-06T17:38:43.306975 #9593]  INFO -- : 0:  activerecord-reputation-system (2.0.2) from /usr/local/rvm/gems/ruby-2.1.0/specifications/activerecord-reputation-system-2.0.2.gemspec
I, [2014-03-06T17:38:43.307238 #9593]  INFO -- : 0:  acts-as-taggable-on (3.0.1) from /usr/local/rvm/gems/ruby-2.1.0/specifications/acts-as-taggable-on-3.0.1.gemspec
I, [2014-03-06T17:38:43.307535 #9593]  INFO -- : 0:  addressable (2.3.5) from /usr/local/rvm/gems/ruby-2.1.0/specifications/addressable-2.3.5.gemspec
I, [2014-03-06T17:38:43.307790 #9593]  INFO -- : 0:  awesome_print (1.2.0) from /usr/local/rvm/gems/ruby-2.1.0/specifications/awesome_print-1.2.0.gemspec
I, [2014-03-06T17:38:43.308087 #9593]  INFO -- : 0:  coderay (1.1.0) from /usr/local/rvm/gems/ruby-2.1.0/specifications/coderay-1.1.0.gemspec
I, [2014-03-06T17:38:43.308342 #9593]  INFO -- : 0:  better_errors (1.1.0) from /usr/local/rvm/gems/ruby-2.1.0/specifications/better_errors-1.1.0.gemspec
I, [2014-03-06T17:38:43.308646 #9593]  INFO -- : 0:  debug_inspector (0.0.2) from /usr/local/rvm/gems/ruby-2.1.0/specifications/debug_inspector-0.0.2.gemspec
I, [2014-03-06T17:38:43.308901 #9593]  INFO -- : 0:  binding_of_caller (0.7.2) from /usr/local/rvm/gems/ruby-2.1.0/specifications/binding_of_caller-0.7.2.gemspec
I, [2014-03-06T17:38:43.309194 #9593]  INFO -- : 0:  carrierwave (0.10.0) from /usr/local/rvm/gems/ruby-2.1.0/specifications/carrierwave-0.10.0.gemspec
I, [2014-03-06T17:38:43.309519 #9593]  INFO -- : 0:  streamio-ffmpeg (1.0.0) from /usr/local/rvm/gems/ruby-2.1.0/specifications/streamio-ffmpeg-1.0.0.gemspec
I, [2014-03-06T17:38:43.309779 #9593]  INFO -- : 0:  carrierwave-video (0.5.5) from /usr/local/rvm/gems/ruby-2.1.0/specifications/carrierwave-video-0.5.5.gemspec
I, [2014-03-06T17:38:43.310086 #9593]  INFO -- : 0:  ckeditor (3.7.3) from /usr/local/rvm/gems/ruby-2.1.0/specifications/ckeditor-3.7.3.gemspec
I, [2014-03-06T17:38:43.310340 #9593]  INFO -- : 0:  ckeditor_rails (4.3.1) from /usr/local/rvm/gems/ruby-2.1.0/specifications/ckeditor_rails-4.3.1.gemspec
I, [2014-03-06T17:38:43.310637 #9593]  INFO -- : 0:  client_side_validations (3.2.6) from /usr/local/rvm/gems/ruby-2.1.0/specifications/client_side_validations-3.2.6.gemspec
I, [2014-03-06T17:38:43.310934 #9593]  INFO -- : 0:  simple_form (2.1.1) from /usr/local/rvm/gems/ruby-2.1.0/specifications/simple_form-2.1.1.gemspec
I, [2014-03-06T17:38:43.311189 #9593]  INFO -- : 0:  client_side_validations-simple_form (2.1.0) from /usr/local/rvm/gems/ruby-2.1.0/specifications/client_side_validations-simple_form-2.1.0.gemspec
I, [2014-03-06T17:38:43.311483 #9593]  INFO -- : 0:  climate_control (0.0.3) from /usr/local/rvm/gems/ruby-2.1.0/specifications/climate_control-0.0.3.gemspec
I, [2014-03-06T17:38:43.311922 #9593]  INFO -- : 0:  cocaine (0.5.3) from /usr/local/rvm/gems/ruby-2.1.0/specifications/cocaine-0.5.3.gemspec
I, [2014-03-06T17:38:43.312292 #9593]  INFO -- : 0:  coffee-script-source (1.7.0) from /usr/local/rvm/gems/ruby-2.1.0/specifications/coffee-script-source-1.7.0.gemspec
I, [2014-03-06T17:38:43.312666 #9593]  INFO -- : 0:  execjs (2.0.2) from /usr/local/rvm/gems/ruby-2.1.0/specifications/execjs-2.0.2.gemspec
I, [2014-03-06T17:38:43.313074 #9593]  INFO -- : 0:  coffee-script (2.2.0) from /usr/local/rvm/gems/ruby-2.1.0/specifications/coffee-script-2.2.0.gemspec
I, [2014-03-06T17:38:43.313336 #9593]  INFO -- : 0:  coffee-rails (3.2.2) from /usr/local/rvm/gems/ruby-2.1.0/specifications/coffee-rails-3.2.2.gemspec
I, [2014-03-06T17:38:43.313630 #9593]  INFO -- : 0:  country-select (1.1.1) from /usr/local/rvm/gems/ruby-2.1.0/specifications/country-select-1.1.1.gemspec
I, [2014-03-06T17:38:43.313905 #9593]  INFO -- : 0:  credit_card_validations (1.4.1) from /usr/local/rvm/gems/ruby-2.1.0/specifications/credit_card_validations-1.4.1.gemspec
I, [2014-03-06T17:38:43.314190 #9593]  INFO -- : 0:  diff-lcs (1.2.5) from /usr/local/rvm/gems/ruby-2.1.0/specifications/diff-lcs-1.2.5.gemspec
I, [2014-03-06T17:38:43.314488 #9593]  INFO -- : 0:  excon (0.31.0) from /usr/local/rvm/gems/ruby-2.1.0/specifications/excon-0.31.0.gemspec
I, [2014-03-06T17:38:43.314797 #9593]  INFO -- : 0:  multipart-post (2.0.0) from /usr/local/rvm/gems/ruby-2.1.0/specifications/multipart-post-2.0.0.gemspec
I, [2014-03-06T17:38:43.315078 #9593]  INFO -- : 0:  faraday (0.9.0) from /usr/local/rvm/gems/ruby-2.1.0/specifications/faraday-0.9.0.gemspec
I, [2014-03-06T17:38:43.315492 #9593]  INFO -- : 0:  formatador (0.2.4) from /usr/local/rvm/gems/ruby-2.1.0/specifications/formatador-0.2.4.gemspec
I, [2014-03-06T17:38:43.315937 #9593]  INFO -- : 0:  net-ssh (2.8.0) from /usr/local/rvm/gems/ruby-2.1.0/specifications/net-ssh-2.8.0.gemspec
I, [2014-03-06T17:38:43.316334 #9593]  INFO -- : 0:  net-scp (1.1.2) from /usr/local/rvm/gems/ruby-2.1.0/specifications/net-scp-1.1.2.gemspec
I, [2014-03-06T17:38:43.316639 #9593]  INFO -- : 0:  fog (1.20.0) from /usr/local/rvm/gems/ruby-2.1.0/specifications/fog-1.20.0.gemspec
I, [2014-03-06T17:38:43.316985 #9593]  INFO -- : 0:  foreigner (1.6.1) from /usr/local/rvm/gems/ruby-2.1.0/specifications/foreigner-1.6.1.gemspec
I, [2014-03-06T17:38:43.317308 #9593]  INFO -- : 0:  geocoder (1.1.9) from /usr/local/rvm/gems/ruby-2.1.0/specifications/geocoder-1.1.9.gemspec
I, [2014-03-06T17:38:43.317619 #9593]  INFO -- : 0:  haml (4.0.5) from /usr/local/rvm/gems/ruby-2.1.0/specifications/haml-4.0.5.gemspec
I, [2014-03-06T17:38:43.317875 #9593]  INFO -- : 0:  hashie (2.0.5) from /usr/local/rvm/gems/ruby-2.1.0/specifications/hashie-2.0.5.gemspec
I, [2014-03-06T17:38:43.318229 #9593]  INFO -- : 0:  launchy (2.4.2) from /usr/local/rvm/gems/ruby-2.1.0/specifications/launchy-2.4.2.gemspec
I, [2014-03-06T17:38:43.318514 #9593]  INFO -- : 0:  netrc (0.7.7) from /usr/local/rvm/gems/ruby-2.1.0/specifications/netrc-0.7.7.gemspec
I, [2014-03-06T17:38:43.318812 #9593]  INFO -- : 0:  rest-client (1.6.7) from /usr/local/rvm/gems/ruby-2.1.0/specifications/rest-client-1.6.7.gemspec
I, [2014-03-06T17:38:43.319098 #9593]  INFO -- : 0:  rubyzip (1.1.0) from /usr/local/rvm/gems/ruby-2.1.0/specifications/rubyzip-1.1.0.gemspec
I, [2014-03-06T17:38:43.319360 #9593]  INFO -- : 0:  heroku (2.25.0) from /usr/local/rvm/gems/ruby-2.1.0/specifications/heroku-2.25.0.gemspec
I, [2014-03-06T17:38:43.319674 #9593]  INFO -- : 0:  httpclient (2.3.4.1) from /usr/local/rvm/gems/ruby-2.1.0/specifications/httpclient-2.3.4.1.gemspec
I, [2014-03-06T17:38:43.319951 #9593]  INFO -- : 0:  impressionist (1.5.1) from /usr/local/rvm/gems/ruby-2.1.0/specifications/impressionist-1.5.1.gemspec
I, [2014-03-06T17:38:43.320222 #9593]  INFO -- : 0:  jwplayer-rails (1.0.1) from /usr/local/rvm/gems/ruby-2.1.0/specifications/jwplayer-rails-1.0.1.gemspec
I, [2014-03-06T17:38:43.320491 #9593]  INFO -- : 0:  jwt (0.1.11) from /usr/local/rvm/gems/ruby-2.1.0/specifications/jwt-0.1.11.gemspec
I, [2014-03-06T17:38:43.320755 #9593]  INFO -- : 0:  libv8 (3.16.14.3) from /usr/local/rvm/gems/ruby-2.1.0/specifications/libv8-3.16.14.3.gemspec
I, [2014-03-06T17:38:43.321034 #9593]  INFO -- : 0:  mailboxer (0.11.0) from /usr/local/rvm/gems/ruby-2.1.0/specifications/mailboxer-0.11.0.gemspec
I, [2014-03-06T17:38:43.477062 #9593]  INFO -- : 0:  make_flaggable (0.1.1) from /usr/local/rvm/gems/ruby-2.1.0/bundler/gems/make_flaggable-9819f5c75df7/make_flaggable.gemspec
I, [2014-03-06T17:38:43.477410 #9593]  INFO -- : 0:  multi_xml (0.5.5) from /usr/local/rvm/gems/ruby-2.1.0/specifications/multi_xml-0.5.5.gemspec
I, [2014-03-06T17:38:43.477692 #9593]  INFO -- : 0:  oauth (0.4.7) from /usr/local/rvm/gems/ruby-2.1.0/specifications/oauth-0.4.7.gemspec
I, [2014-03-06T17:38:43.477933 #9593]  INFO -- : 0:  oauth2 (0.9.3) from /usr/local/rvm/gems/ruby-2.1.0/specifications/oauth2-0.9.3.gemspec
I, [2014-03-06T17:38:43.478209 #9593]  INFO -- : 0:  omniauth (1.2.1) from /usr/local/rvm/gems/ruby-2.1.0/specifications/omniauth-1.2.1.gemspec
I, [2014-03-06T17:38:43.478446 #9593]  INFO -- : 0:  omniauth-oauth2 (1.1.2) from /usr/local/rvm/gems/ruby-2.1.0/specifications/omniauth-oauth2-1.1.2.gemspec
I, [2014-03-06T17:38:43.478715 #9593]  INFO -- : 0:  omniauth-facebook (1.6.0) from /usr/local/rvm/gems/ruby-2.1.0/specifications/omniauth-facebook-1.6.0.gemspec
I, [2014-03-06T17:38:43.478949 #9593]  INFO -- : 0:  omniauth-google-oauth2 (0.2.2) from /usr/local/rvm/gems/ruby-2.1.0/specifications/omniauth-google-oauth2-0.2.2.gemspec
I, [2014-03-06T17:38:43.479228 #9593]  INFO -- : 0:  omniauth-youtube (2.1) from /usr/local/rvm/gems/ruby-2.1.0/specifications/omniauth-youtube-2.1.gemspec
I, [2014-03-06T17:38:43.479476 #9593]  INFO -- : 0:  paperclip (3.5.4) from /usr/local/rvm/gems/ruby-2.1.0/specifications/paperclip-3.5.4.gemspec
I, [2014-03-06T17:38:43.479757 #9593]  INFO -- : 0:  paypal-recurring (1.1.0) from /usr/local/rvm/gems/ruby-2.1.0/specifications/paypal-recurring-1.1.0.gemspec
I, [2014-03-06T17:38:43.479991 #9593]  INFO -- : 0:  pg (0.17.1) from /usr/local/rvm/gems/ruby-2.1.0/specifications/pg-0.17.1.gemspec
I, [2014-03-06T17:38:43.480284 #9593]  INFO -- : 0:  pony (1.8) from /usr/local/rvm/gems/ruby-2.1.0/specifications/pony-1.8.gemspec
I, [2014-03-06T17:38:43.480563 #9593]  INFO -- : 0:  rails_serve_static_assets (0.0.2) from /usr/local/rvm/gems/ruby-2.1.0/specifications/rails_serve_static_assets-0.0.2.gemspec
I, [2014-03-06T17:38:43.480798 #9593]  INFO -- : 0:  rails_stdout_logging (0.0.3) from /usr/local/rvm/gems/ruby-2.1.0/specifications/rails_stdout_logging-0.0.3.gemspec
I, [2014-03-06T17:38:43.481070 #9593]  INFO -- : 0:  rails_12factor (0.0.2) from /usr/local/rvm/gems/ruby-2.1.0/specifications/rails_12factor-0.0.2.gemspec
I, [2014-03-06T17:38:43.481303 #9593]  INFO -- : 0:  ransack (0.7.2) from /usr/local/rvm/gems/ruby-2.1.0/specifications/ransack-0.7.2.gemspec
I, [2014-03-06T17:38:43.481592 #9593]  INFO -- : 0:  recaptcha (0.3.6) from /usr/local/rvm/gems/ruby-2.1.0/specifications/recaptcha-0.3.6.gemspec
I, [2014-03-06T17:38:43.481825 #9593]  INFO -- : 0:  ref (1.0.5) from /usr/local/rvm/gems/ruby-2.1.0/specifications/ref-1.0.5.gemspec
I, [2014-03-06T17:38:43.482115 #9593]  INFO -- : 0:  rspec-core (2.14.8) from /usr/local/rvm/gems/ruby-2.1.0/specifications/rspec-core-2.14.8.gemspec
I, [2014-03-06T17:38:43.482405 #9593]  INFO -- : 0:  rspec-expectations (2.14.5) from /usr/local/rvm/gems/ruby-2.1.0/specifications/rspec-expectations-2.14.5.gemspec
I, [2014-03-06T17:38:43.482646 #9593]  INFO -- : 0:  rspec-mocks (2.14.6) from /usr/local/rvm/gems/ruby-2.1.0/specifications/rspec-mocks-2.14.6.gemspec
I, [2014-03-06T17:38:43.482917 #9593]  INFO -- : 0:  rspec-rails (2.14.1) from /usr/local/rvm/gems/ruby-2.1.0/specifications/rspec-rails-2.14.1.gemspec
I, [2014-03-06T17:38:43.483151 #9593]  INFO -- : 0:  ruby-paypal (0.0.5) from /usr/local/rvm/gems/ruby-2.1.0/specifications/ruby-paypal-0.0.5.gemspec
I, [2014-03-06T17:38:43.483416 #9593]  INFO -- : 0:  sass-rails (3.2.6) from /usr/local/rvm/gems/ruby-2.1.0/specifications/sass-rails-3.2.6.gemspec
I, [2014-03-06T17:38:43.483703 #9593]  INFO -- : 0:  simple_oauth (0.2.0) from /usr/local/rvm/gems/ruby-2.1.0/specifications/simple_oauth-0.2.0.gemspec
I, [2014-03-06T17:38:43.483937 #9593]  INFO -- : 0:  stripe (1.10.1) from /usr/local/rvm/gems/ruby-2.1.0/specifications/stripe-1.10.1.gemspec
I, [2014-03-06T17:38:43.484220 #9593]  INFO -- : 0:  therubyracer (0.12.1) from /usr/local/rvm/gems/ruby-2.1.0/specifications/therubyracer-0.12.1.gemspec
I, [2014-03-06T17:38:43.484453 #9593]  INFO -- : 0:  uglifier (2.4.0) from /usr/local/rvm/gems/ruby-2.1.0/specifications/uglifier-2.4.0.gemspec
I, [2014-03-06T17:38:43.484749 #9593]  INFO -- : 0:  youtube_it (2.1.1) from /usr/local/rvm/gems/ruby-2.1.0/specifications/youtube_it-2.1.1.gemspec
I, [2014-03-06T17:38:43.484981 #9593]  INFO -- : 0:  zencoder (2.4.5) from /usr/local/rvm/gems/ruby-2.1.0/specifications/zencoder-2.4.5.gemspec
I, [2014-03-06T17:39:17.215667 #9646]  INFO -- : 0:  rake (10.1.1) from /usr/local/rvm/gems/ruby-2.1.0/specifications/rake-10.1.1.gemspec
I, [2014-03-06T17:39:17.216079 #9646]  INFO -- : 0:  i18n (0.6.9) from /usr/local/rvm/gems/ruby-2.1.0/specifications/i18n-0.6.9.gemspec
I, [2014-03-06T17:39:17.216404 #9646]  INFO -- : 0:  multi_json (1.9.0) from /usr/local/rvm/gems/ruby-2.1.0/specifications/multi_json-1.9.0.gemspec
I, [2014-03-06T17:39:17.216711 #9646]  INFO -- : 0:  activesupport (3.2.12) from /usr/local/rvm/gems/ruby-2.1.0/specifications/activesupport-3.2.12.gemspec
I, [2014-03-06T17:39:17.217013 #9646]  INFO -- : 0:  builder (3.0.4) from /usr/local/rvm/gems/ruby-2.1.0/specifications/builder-3.0.4.gemspec
I, [2014-03-06T17:39:17.217321 #9646]  INFO -- : 0:  activemodel (3.2.12) from /usr/local/rvm/gems/ruby-2.1.0/specifications/activemodel-3.2.12.gemspec
I, [2014-03-06T17:39:17.217628 #9646]  INFO -- : 0:  erubis (2.7.0) from /usr/local/rvm/gems/ruby-2.1.0/specifications/erubis-2.7.0.gemspec
I, [2014-03-06T17:39:17.217926 #9646]  INFO -- : 0:  journey (1.0.4) from /usr/local/rvm/gems/ruby-2.1.0/specifications/journey-1.0.4.gemspec
I, [2014-03-06T17:39:17.218253 #9646]  INFO -- : 0:  rack (1.4.5) from /usr/local/rvm/gems/ruby-2.1.0/specifications/rack-1.4.5.gemspec
I, [2014-03-06T17:39:17.218522 #9646]  INFO -- : 0:  rack-cache (1.2) from /usr/local/rvm/gems/ruby-2.1.0/specifications/rack-cache-1.2.gemspec
I, [2014-03-06T17:39:17.218775 #9646]  INFO -- : 0:  rack-test (0.6.2) from /usr/local/rvm/gems/ruby-2.1.0/specifications/rack-test-0.6.2.gemspec
I, [2014-03-06T17:39:17.219056 #9646]  INFO -- : 0:  hike (1.2.3) from /usr/local/rvm/gems/ruby-2.1.0/specifications/hike-1.2.3.gemspec
I, [2014-03-06T17:39:17.219349 #9646]  INFO -- : 0:  tilt (1.4.1) from /usr/local/rvm/gems/ruby-2.1.0/specifications/tilt-1.4.1.gemspec
I, [2014-03-06T17:39:17.219651 #9646]  INFO -- : 0:  sprockets (2.2.2) from /usr/local/rvm/gems/ruby-2.1.0/specifications/sprockets-2.2.2.gemspec
I, [2014-03-06T17:39:17.219976 #9646]  INFO -- : 0:  actionpack (3.2.12) from /usr/local/rvm/gems/ruby-2.1.0/specifications/actionpack-3.2.12.gemspec
I, [2014-03-06T17:39:17.220271 #9646]  INFO -- : 0:  mime-types (1.25.1) from /usr/local/rvm/gems/ruby-2.1.0/specifications/mime-types-1.25.1.gemspec
I, [2014-03-06T17:39:17.220566 #9646]  INFO -- : 0:  polyglot (0.3.4) from /usr/local/rvm/gems/ruby-2.1.0/specifications/polyglot-0.3.4.gemspec
I, [2014-03-06T17:39:17.220851 #9646]  INFO -- : 0:  treetop (1.4.15) from /usr/local/rvm/gems/ruby-2.1.0/specifications/treetop-1.4.15.gemspec
I, [2014-03-06T17:39:17.221164 #9646]  INFO -- : 0:  mail (2.4.4) from /usr/local/rvm/gems/ruby-2.1.0/specifications/mail-2.4.4.gemspec
I, [2014-03-06T17:39:17.221415 #9646]  INFO -- : 0:  actionmailer (3.2.12) from /usr/local/rvm/gems/ruby-2.1.0/specifications/actionmailer-3.2.12.gemspec
I, [2014-03-06T17:39:17.221685 #9646]  INFO -- : 0:  active_utils (2.0.2) from /usr/local/rvm/gems/ruby-2.1.0/specifications/active_utils-2.0.2.gemspec
I, [2014-03-06T17:39:17.221973 #9646]  INFO -- : 0:  arbre (1.0.1) from /usr/local/rvm/gems/ruby-2.1.0/specifications/arbre-1.0.1.gemspec
I, [2014-03-06T17:39:17.222269 #9646]  INFO -- : 0:  sass (3.2.14) from /usr/local/rvm/gems/ruby-2.1.0/specifications/sass-3.2.14.gemspec
I, [2014-03-06T17:39:17.222568 #9646]  INFO -- : 0:  thor (0.18.1) from /usr/local/rvm/gems/ruby-2.1.0/specifications/thor-0.18.1.gemspec
I, [2014-03-06T17:39:17.222849 #9646]  INFO -- : 0:  bourbon (3.1.8) from /usr/local/rvm/gems/ruby-2.1.0/specifications/bourbon-3.1.8.gemspec
I, [2014-03-06T17:39:17.223119 #9646]  INFO -- : 0:  bcrypt (3.1.7) from /usr/local/rvm/gems/ruby-2.1.0/specifications/bcrypt-3.1.7.gemspec
I, [2014-03-06T17:39:17.223424 #9646]  INFO -- : 0:  bcrypt-ruby (3.1.5) from /usr/local/rvm/gems/ruby-2.1.0/specifications/bcrypt-ruby-3.1.5.gemspec
I, [2014-03-06T17:39:17.223695 #9646]  INFO -- : 0:  orm_adapter (0.5.0) from /usr/local/rvm/gems/ruby-2.1.0/specifications/orm_adapter-0.5.0.gemspec
I, [2014-03-06T17:39:17.223954 #9646]  INFO -- : 0:  rack-ssl (1.3.3) from /usr/local/rvm/gems/ruby-2.1.0/specifications/rack-ssl-1.3.3.gemspec
I, [2014-03-06T17:39:18.205114 #9646]  INFO -- : 0:  json (1.8.1) from /usr/local/rvm/gems/ruby-2.1.0/specifications/json-1.8.1.gemspec
I, [2014-03-06T17:39:18.206060 #9646]  INFO -- : 0:  rdoc (3.12.2) from /usr/local/rvm/gems/ruby-2.1.0/specifications/rdoc-3.12.2.gemspec
I, [2014-03-06T17:39:18.206650 #9646]  INFO -- : 0:  railties (3.2.12) from /usr/local/rvm/gems/ruby-2.1.0/specifications/railties-3.2.12.gemspec
I, [2014-03-06T17:39:18.207226 #9646]  INFO -- : 0:  warden (1.2.3) from /usr/local/rvm/gems/ruby-2.1.0/specifications/warden-1.2.3.gemspec
I, [2014-03-06T17:39:18.207742 #9646]  INFO -- : 0:  devise (3.0.0) from /usr/local/rvm/gems/ruby-2.1.0/specifications/devise-3.0.0.gemspec
I, [2014-03-06T17:39:18.208311 #9646]  INFO -- : 0:  fastercsv (1.5.5) from /usr/local/rvm/gems/ruby-2.1.0/specifications/fastercsv-1.5.5.gemspec
I, [2014-03-06T17:39:18.208913 #9646]  INFO -- : 0:  formtastic (2.2.1) from /usr/local/rvm/gems/ruby-2.1.0/specifications/formtastic-2.2.1.gemspec
I, [2014-03-06T17:39:18.209465 #9646]  INFO -- : 0:  has_scope (0.6.0.rc) from /usr/local/rvm/gems/ruby-2.1.0/specifications/has_scope-0.6.0.rc.gemspec
I, [2014-03-06T17:39:18.210120 #9646]  INFO -- : 0:  responders (1.0.0) from /usr/local/rvm/gems/ruby-2.1.0/specifications/responders-1.0.0.gemspec
I, [2014-03-06T17:39:18.210682 #9646]  INFO -- : 0:  inherited_resources (1.4.1) from /usr/local/rvm/gems/ruby-2.1.0/specifications/inherited_resources-1.4.1.gemspec
I, [2014-03-06T17:39:18.211233 #9646]  INFO -- : 0:  jquery-rails (3.1.0) from /usr/local/rvm/gems/ruby-2.1.0/specifications/jquery-rails-3.1.0.gemspec
I, [2014-03-06T17:39:18.211822 #9646]  INFO -- : 0:  kaminari (0.15.1) from /usr/local/rvm/gems/ruby-2.1.0/specifications/kaminari-0.15.1.gemspec
I, [2014-03-06T17:39:18.212481 #9646]  INFO -- : 0:  arel (3.0.3) from /usr/local/rvm/gems/ruby-2.1.0/specifications/arel-3.0.3.gemspec
I, [2014-03-06T17:39:18.212988 #9646]  INFO -- : 0:  tzinfo (0.3.38) from /usr/local/rvm/gems/ruby-2.1.0/specifications/tzinfo-0.3.38.gemspec
I, [2014-03-06T17:39:18.213646 #9646]  INFO -- : 0:  activerecord (3.2.12) from /usr/local/rvm/gems/ruby-2.1.0/specifications/activerecord-3.2.12.gemspec
I, [2014-03-06T17:39:18.213933 #9646]  INFO -- : 0:  polyamorous (0.5.0) from /usr/local/rvm/gems/ruby-2.1.0/specifications/polyamorous-0.5.0.gemspec
I, [2014-03-06T17:39:18.214178 #9646]  INFO -- : 0:  meta_search (1.1.3) from /usr/local/rvm/gems/ruby-2.1.0/specifications/meta_search-1.1.3.gemspec
I, [2014-03-06T17:39:18.214444 #9646]  INFO -- : 0:  activeresource (3.2.12) from /usr/local/rvm/gems/ruby-2.1.0/specifications/activeresource-3.2.12.gemspec
I, [2014-03-06T17:39:18.214721 #9646]  INFO -- : 0:  bundler (1.5.0) from /usr/local/rvm/gems/ruby-2.1.0@global/specifications/bundler-1.5.0.gemspec
I, [2014-03-06T17:39:18.215036 #9646]  INFO -- : 0:  rails (3.2.12) from /usr/local/rvm/gems/ruby-2.1.0/specifications/rails-3.2.12.gemspec
I, [2014-03-06T17:39:18.215291 #9646]  INFO -- : 0:  activeadmin (0.6.0) from /usr/local/rvm/gems/ruby-2.1.0/specifications/activeadmin-0.6.0.gemspec
I, [2014-03-06T17:39:18.215580 #9646]  INFO -- : 0:  monetize (0.1.4) from /usr/local/rvm/gems/ruby-2.1.0/specifications/monetize-0.1.4.gemspec
I, [2014-03-06T17:39:18.215862 #9646]  INFO -- : 0:  money (6.0.1) from /usr/local/rvm/gems/ruby-2.1.0/specifications/money-6.0.1.gemspec
I, [2014-03-06T17:39:18.216197 #9646]  INFO -- : 0:  mini_portile (0.5.2) from /usr/local/rvm/gems/ruby-2.1.0/specifications/mini_portile-0.5.2.gemspec
I, [2014-03-06T17:39:18.216476 #9646]  INFO -- : 0:  nokogiri (1.6.1) from /usr/local/rvm/gems/ruby-2.1.0/specifications/nokogiri-1.6.1.gemspec
I, [2014-03-06T17:39:18.216760 #9646]  INFO -- : 0:  activemerchant (1.42.6) from /usr/local/rvm/gems/ruby-2.1.0/specifications/activemerchant-1.42.6.gemspec
I, [2014-03-06T17:39:18.217038 #9646]  INFO -- : 0:  activerecord-reputation-system (2.0.2) from /usr/local/rvm/gems/ruby-2.1.0/specifications/activerecord-reputation-system-2.0.2.gemspec
I, [2014-03-06T17:39:18.217321 #9646]  INFO -- : 0:  acts-as-taggable-on (3.0.1) from /usr/local/rvm/gems/ruby-2.1.0/specifications/acts-as-taggable-on-3.0.1.gemspec
I, [2014-03-06T17:39:18.217666 #9646]  INFO -- : 0:  addressable (2.3.5) from /usr/local/rvm/gems/ruby-2.1.0/specifications/addressable-2.3.5.gemspec
I, [2014-03-06T17:39:18.217991 #9646]  INFO -- : 0:  awesome_print (1.2.0) from /usr/local/rvm/gems/ruby-2.1.0/specifications/awesome_print-1.2.0.gemspec
I, [2014-03-06T17:39:18.218429 #9646]  INFO -- : 0:  coderay (1.1.0) from /usr/local/rvm/gems/ruby-2.1.0/specifications/coderay-1.1.0.gemspec
I, [2014-03-06T17:39:18.218901 #9646]  INFO -- : 0:  better_errors (1.1.0) from /usr/local/rvm/gems/ruby-2.1.0/specifications/better_errors-1.1.0.gemspec
I, [2014-03-06T17:39:18.219307 #9646]  INFO -- : 0:  debug_inspector (0.0.2) from /usr/local/rvm/gems/ruby-2.1.0/specifications/debug_inspector-0.0.2.gemspec
I, [2014-03-06T17:39:18.219666 #9646]  INFO -- : 0:  binding_of_caller (0.7.2) from /usr/local/rvm/gems/ruby-2.1.0/specifications/binding_of_caller-0.7.2.gemspec
I, [2014-03-06T17:39:18.220038 #9646]  INFO -- : 0:  carrierwave (0.10.0) from /usr/local/rvm/gems/ruby-2.1.0/specifications/carrierwave-0.10.0.gemspec
I, [2014-03-06T17:39:18.220378 #9646]  INFO -- : 0:  streamio-ffmpeg (1.0.0) from /usr/local/rvm/gems/ruby-2.1.0/specifications/streamio-ffmpeg-1.0.0.gemspec
I, [2014-03-06T17:39:18.220662 #9646]  INFO -- : 0:  carrierwave-video (0.5.5) from /usr/local/rvm/gems/ruby-2.1.0/specifications/carrierwave-video-0.5.5.gemspec
I, [2014-03-06T17:39:18.220933 #9646]  INFO -- : 0:  ckeditor (3.7.3) from /usr/local/rvm/gems/ruby-2.1.0/specifications/ckeditor-3.7.3.gemspec
I, [2014-03-06T17:39:18.221195 #9646]  INFO -- : 0:  ckeditor_rails (4.3.1) from /usr/local/rvm/gems/ruby-2.1.0/specifications/ckeditor_rails-4.3.1.gemspec
I, [2014-03-06T17:39:18.221533 #9646]  INFO -- : 0:  client_side_validations (3.2.6) from /usr/local/rvm/gems/ruby-2.1.0/specifications/client_side_validations-3.2.6.gemspec
I, [2014-03-06T17:39:18.221811 #9646]  INFO -- : 0:  simple_form (2.1.1) from /usr/local/rvm/gems/ruby-2.1.0/specifications/simple_form-2.1.1.gemspec
I, [2014-03-06T17:39:18.222060 #9646]  INFO -- : 0:  client_side_validations-simple_form (2.1.0) from /usr/local/rvm/gems/ruby-2.1.0/specifications/client_side_validations-simple_form-2.1.0.gemspec
I, [2014-03-06T17:39:18.222358 #9646]  INFO -- : 0:  climate_control (0.0.3) from /usr/local/rvm/gems/ruby-2.1.0/specifications/climate_control-0.0.3.gemspec
I, [2014-03-06T17:39:18.222656 #9646]  INFO -- : 0:  cocaine (0.5.3) from /usr/local/rvm/gems/ruby-2.1.0/specifications/cocaine-0.5.3.gemspec
I, [2014-03-06T17:39:18.222999 #9646]  INFO -- : 0:  coffee-script-source (1.7.0) from /usr/local/rvm/gems/ruby-2.1.0/specifications/coffee-script-source-1.7.0.gemspec
I, [2014-03-06T17:39:18.223237 #9646]  INFO -- : 0:  execjs (2.0.2) from /usr/local/rvm/gems/ruby-2.1.0/specifications/execjs-2.0.2.gemspec
I, [2014-03-06T17:39:18.223543 #9646]  INFO -- : 0:  coffee-script (2.2.0) from /usr/local/rvm/gems/ruby-2.1.0/specifications/coffee-script-2.2.0.gemspec
I, [2014-03-06T17:39:18.223846 #9646]  INFO -- : 0:  coffee-rails (3.2.2) from /usr/local/rvm/gems/ruby-2.1.0/specifications/coffee-rails-3.2.2.gemspec
I, [2014-03-06T17:39:18.224140 #9646]  INFO -- : 0:  country-select (1.1.1) from /usr/local/rvm/gems/ruby-2.1.0/specifications/country-select-1.1.1.gemspec
I, [2014-03-06T17:39:18.224442 #9646]  INFO -- : 0:  credit_card_validations (1.4.1) from /usr/local/rvm/gems/ruby-2.1.0/specifications/credit_card_validations-1.4.1.gemspec
I, [2014-03-06T17:39:18.224743 #9646]  INFO -- : 0:  diff-lcs (1.2.5) from /usr/local/rvm/gems/ruby-2.1.0/specifications/diff-lcs-1.2.5.gemspec
I, [2014-03-06T17:39:18.225042 #9646]  INFO -- : 0:  excon (0.31.0) from /usr/local/rvm/gems/ruby-2.1.0/specifications/excon-0.31.0.gemspec
I, [2014-03-06T17:39:18.225346 #9646]  INFO -- : 0:  multipart-post (2.0.0) from /usr/local/rvm/gems/ruby-2.1.0/specifications/multipart-post-2.0.0.gemspec
I, [2014-03-06T17:39:18.225673 #9646]  INFO -- : 0:  faraday (0.9.0) from /usr/local/rvm/gems/ruby-2.1.0/specifications/faraday-0.9.0.gemspec
I, [2014-03-06T17:39:18.225964 #9646]  INFO -- : 0:  formatador (0.2.4) from /usr/local/rvm/gems/ruby-2.1.0/specifications/formatador-0.2.4.gemspec
I, [2014-03-06T17:39:18.226276 #9646]  INFO -- : 0:  net-ssh (2.8.0) from /usr/local/rvm/gems/ruby-2.1.0/specifications/net-ssh-2.8.0.gemspec
I, [2014-03-06T17:39:18.226569 #9646]  INFO -- : 0:  net-scp (1.1.2) from /usr/local/rvm/gems/ruby-2.1.0/specifications/net-scp-1.1.2.gemspec
I, [2014-03-06T17:39:18.226889 #9646]  INFO -- : 0:  fog (1.20.0) from /usr/local/rvm/gems/ruby-2.1.0/specifications/fog-1.20.0.gemspec
I, [2014-03-06T17:39:18.227201 #9646]  INFO -- : 0:  foreigner (1.6.1) from /usr/local/rvm/gems/ruby-2.1.0/specifications/foreigner-1.6.1.gemspec
I, [2014-03-06T17:39:18.227477 #9646]  INFO -- : 0:  geocoder (1.1.9) from /usr/local/rvm/gems/ruby-2.1.0/specifications/geocoder-1.1.9.gemspec
I, [2014-03-06T17:39:18.227748 #9646]  INFO -- : 0:  haml (4.0.5) from /usr/local/rvm/gems/ruby-2.1.0/specifications/haml-4.0.5.gemspec
I, [2014-03-06T17:39:18.228019 #9646]  INFO -- : 0:  hashie (2.0.5) from /usr/local/rvm/gems/ruby-2.1.0/specifications/hashie-2.0.5.gemspec
I, [2014-03-06T17:39:18.228291 #9646]  INFO -- : 0:  launchy (2.4.2) from /usr/local/rvm/gems/ruby-2.1.0/specifications/launchy-2.4.2.gemspec
I, [2014-03-06T17:39:18.228575 #9646]  INFO -- : 0:  netrc (0.7.7) from /usr/local/rvm/gems/ruby-2.1.0/specifications/netrc-0.7.7.gemspec
I, [2014-03-06T17:39:18.228879 #9646]  INFO -- : 0:  rest-client (1.6.7) from /usr/local/rvm/gems/ruby-2.1.0/specifications/rest-client-1.6.7.gemspec
I, [2014-03-06T17:39:18.229204 #9646]  INFO -- : 0:  rubyzip (1.1.0) from /usr/local/rvm/gems/ruby-2.1.0/specifications/rubyzip-1.1.0.gemspec
I, [2014-03-06T17:39:18.229543 #9646]  INFO -- : 0:  heroku (2.25.0) from /usr/local/rvm/gems/ruby-2.1.0/specifications/heroku-2.25.0.gemspec
I, [2014-03-06T17:39:18.229785 #9646]  INFO -- : 0:  httpclient (2.3.4.1) from /usr/local/rvm/gems/ruby-2.1.0/specifications/httpclient-2.3.4.1.gemspec
I, [2014-03-06T17:39:18.230081 #9646]  INFO -- : 0:  impressionist (1.5.1) from /usr/local/rvm/gems/ruby-2.1.0/specifications/impressionist-1.5.1.gemspec
I, [2014-03-06T17:39:18.230351 #9646]  INFO -- : 0:  jwplayer-rails (1.0.1) from /usr/local/rvm/gems/ruby-2.1.0/specifications/jwplayer-rails-1.0.1.gemspec
I, [2014-03-06T17:39:18.230614 #9646]  INFO -- : 0:  jwt (0.1.11) from /usr/local/rvm/gems/ruby-2.1.0/specifications/jwt-0.1.11.gemspec
I, [2014-03-06T17:39:18.230880 #9646]  INFO -- : 0:  libv8 (3.16.14.3) from /usr/local/rvm/gems/ruby-2.1.0/specifications/libv8-3.16.14.3.gemspec
I, [2014-03-06T17:39:18.231149 #9646]  INFO -- : 0:  mailboxer (0.11.0) from /usr/local/rvm/gems/ruby-2.1.0/specifications/mailboxer-0.11.0.gemspec
I, [2014-03-06T17:39:18.260354 #9646]  INFO -- : 0:  make_flaggable (0.1.1) from /usr/local/rvm/gems/ruby-2.1.0/bundler/gems/make_flaggable-9819f5c75df7/make_flaggable.gemspec
I, [2014-03-06T17:39:18.260755 #9646]  INFO -- : 0:  multi_xml (0.5.5) from /usr/local/rvm/gems/ruby-2.1.0/specifications/multi_xml-0.5.5.gemspec
I, [2014-03-06T17:39:18.261089 #9646]  INFO -- : 0:  oauth (0.4.7) from /usr/local/rvm/gems/ruby-2.1.0/specifications/oauth-0.4.7.gemspec
I, [2014-03-06T17:39:18.261401 #9646]  INFO -- : 0:  oauth2 (0.9.3) from /usr/local/rvm/gems/ruby-2.1.0/specifications/oauth2-0.9.3.gemspec
I, [2014-03-06T17:39:18.261694 #9646]  INFO -- : 0:  omniauth (1.2.1) from /usr/local/rvm/gems/ruby-2.1.0/specifications/omniauth-1.2.1.gemspec
I, [2014-03-06T17:39:18.261980 #9646]  INFO -- : 0:  omniauth-oauth2 (1.1.2) from /usr/local/rvm/gems/ruby-2.1.0/specifications/omniauth-oauth2-1.1.2.gemspec
I, [2014-03-06T17:39:18.262299 #9646]  INFO -- : 0:  omniauth-facebook (1.6.0) from /usr/local/rvm/gems/ruby-2.1.0/specifications/omniauth-facebook-1.6.0.gemspec
I, [2014-03-06T17:39:18.262594 #9646]  INFO -- : 0:  omniauth-google-oauth2 (0.2.2) from /usr/local/rvm/gems/ruby-2.1.0/specifications/omniauth-google-oauth2-0.2.2.gemspec
I, [2014-03-06T17:39:18.262886 #9646]  INFO -- : 0:  omniauth-youtube (2.1) from /usr/local/rvm/gems/ruby-2.1.0/specifications/omniauth-youtube-2.1.gemspec
I, [2014-03-06T17:39:18.263258 #9646]  INFO -- : 0:  paperclip (3.5.4) from /usr/local/rvm/gems/ruby-2.1.0/specifications/paperclip-3.5.4.gemspec
I, [2014-03-06T17:39:18.263638 #9646]  INFO -- : 0:  paypal-recurring (1.1.0) from /usr/local/rvm/gems/ruby-2.1.0/specifications/paypal-recurring-1.1.0.gemspec
I, [2014-03-06T17:39:18.263994 #9646]  INFO -- : 0:  pg (0.17.1) from /usr/local/rvm/gems/ruby-2.1.0/specifications/pg-0.17.1.gemspec
I, [2014-03-06T17:39:18.264517 #9646]  INFO -- : 0:  pony (1.8) from /usr/local/rvm/gems/ruby-2.1.0/specifications/pony-1.8.gemspec
I, [2014-03-06T17:39:18.265072 #9646]  INFO -- : 0:  rails_serve_static_assets (0.0.2) from /usr/local/rvm/gems/ruby-2.1.0/specifications/rails_serve_static_assets-0.0.2.gemspec
I, [2014-03-06T17:39:18.265524 #9646]  INFO -- : 0:  rails_stdout_logging (0.0.3) from /usr/local/rvm/gems/ruby-2.1.0/specifications/rails_stdout_logging-0.0.3.gemspec
I, [2014-03-06T17:39:18.265945 #9646]  INFO -- : 0:  rails_12factor (0.0.2) from /usr/local/rvm/gems/ruby-2.1.0/specifications/rails_12factor-0.0.2.gemspec
I, [2014-03-06T17:39:18.266357 #9646]  INFO -- : 0:  ransack (0.7.2) from /usr/local/rvm/gems/ruby-2.1.0/specifications/ransack-0.7.2.gemspec
I, [2014-03-06T17:39:18.266669 #9646]  INFO -- : 0:  recaptcha (0.3.6) from /usr/local/rvm/gems/ruby-2.1.0/specifications/recaptcha-0.3.6.gemspec
I, [2014-03-06T17:39:18.267022 #9646]  INFO -- : 0:  ref (1.0.5) from /usr/local/rvm/gems/ruby-2.1.0/specifications/ref-1.0.5.gemspec
I, [2014-03-06T17:39:18.267366 #9646]  INFO -- : 0:  rspec-core (2.14.8) from /usr/local/rvm/gems/ruby-2.1.0/specifications/rspec-core-2.14.8.gemspec
I, [2014-03-06T17:39:18.267698 #9646]  INFO -- : 0:  rspec-expectations (2.14.5) from /usr/local/rvm/gems/ruby-2.1.0/specifications/rspec-expectations-2.14.5.gemspec
I, [2014-03-06T17:39:18.268082 #9646]  INFO -- : 0:  rspec-mocks (2.14.6) from /usr/local/rvm/gems/ruby-2.1.0/specifications/rspec-mocks-2.14.6.gemspec
I, [2014-03-06T17:39:18.268405 #9646]  INFO -- : 0:  rspec-rails (2.14.1) from /usr/local/rvm/gems/ruby-2.1.0/specifications/rspec-rails-2.14.1.gemspec
I, [2014-03-06T17:39:18.268753 #9646]  INFO -- : 0:  ruby-paypal (0.0.5) from /usr/local/rvm/gems/ruby-2.1.0/specifications/ruby-paypal-0.0.5.gemspec
I, [2014-03-06T17:39:18.269072 #9646]  INFO -- : 0:  sass-rails (3.2.6) from /usr/local/rvm/gems/ruby-2.1.0/specifications/sass-rails-3.2.6.gemspec
I, [2014-03-06T17:39:18.269363 #9646]  INFO -- : 0:  simple_oauth (0.2.0) from /usr/local/rvm/gems/ruby-2.1.0/specifications/simple_oauth-0.2.0.gemspec
I, [2014-03-06T17:39:18.269685 #9646]  INFO -- : 0:  stripe (1.10.1) from /usr/local/rvm/gems/ruby-2.1.0/specifications/stripe-1.10.1.gemspec
I, [2014-03-06T17:39:18.269972 #9646]  INFO -- : 0:  therubyracer (0.12.1) from /usr/local/rvm/gems/ruby-2.1.0/specifications/therubyracer-0.12.1.gemspec
I, [2014-03-06T17:39:18.270287 #9646]  INFO -- : 0:  uglifier (2.4.0) from /usr/local/rvm/gems/ruby-2.1.0/specifications/uglifier-2.4.0.gemspec
I, [2014-03-06T17:39:18.270653 #9646]  INFO -- : 0:  youtube_it (2.1.1) from /usr/local/rvm/gems/ruby-2.1.0/specifications/youtube_it-2.1.1.gemspec
I, [2014-03-06T17:39:18.270995 #9646]  INFO -- : 0:  zencoder (2.4.5) from /usr/local/rvm/gems/ruby-2.1.0/specifications/zencoder-2.4.5.gemspec
I, [2014-03-07T12:39:07.722552 #6199]  INFO -- : 0:  rake (10.1.1) from /usr/local/rvm/gems/ruby-2.1.0/specifications/rake-10.1.1.gemspec
I, [2014-03-07T12:39:07.733969 #6199]  INFO -- : 0:  i18n (0.6.9) from /usr/local/rvm/gems/ruby-2.1.0/specifications/i18n-0.6.9.gemspec
I, [2014-03-07T12:39:07.734301 #6199]  INFO -- : 0:  multi_json (1.9.0) from /usr/local/rvm/gems/ruby-2.1.0/specifications/multi_json-1.9.0.gemspec
I, [2014-03-07T12:39:07.734576 #6199]  INFO -- : 0:  activesupport (3.2.12) from /usr/local/rvm/gems/ruby-2.1.0/specifications/activesupport-3.2.12.gemspec
I, [2014-03-07T12:39:07.734862 #6199]  INFO -- : 0:  builder (3.0.4) from /usr/local/rvm/gems/ruby-2.1.0/specifications/builder-3.0.4.gemspec
I, [2014-03-07T12:39:07.735127 #6199]  INFO -- : 0:  activemodel (3.2.12) from /usr/local/rvm/gems/ruby-2.1.0/specifications/activemodel-3.2.12.gemspec
I, [2014-03-07T12:39:07.735411 #6199]  INFO -- : 0:  erubis (2.7.0) from /usr/local/rvm/gems/ruby-2.1.0/specifications/erubis-2.7.0.gemspec
I, [2014-03-07T12:39:07.735762 #6199]  INFO -- : 0:  journey (1.0.4) from /usr/local/rvm/gems/ruby-2.1.0/specifications/journey-1.0.4.gemspec
I, [2014-03-07T12:39:07.736136 #6199]  INFO -- : 0:  rack (1.4.5) from /usr/local/rvm/gems/ruby-2.1.0/specifications/rack-1.4.5.gemspec
I, [2014-03-07T12:39:07.736522 #6199]  INFO -- : 0:  rack-cache (1.2) from /usr/local/rvm/gems/ruby-2.1.0/specifications/rack-cache-1.2.gemspec
I, [2014-03-07T12:39:07.736980 #6199]  INFO -- : 0:  rack-test (0.6.2) from /usr/local/rvm/gems/ruby-2.1.0/specifications/rack-test-0.6.2.gemspec
I, [2014-03-07T12:39:07.737312 #6199]  INFO -- : 0:  hike (1.2.3) from /usr/local/rvm/gems/ruby-2.1.0/specifications/hike-1.2.3.gemspec
I, [2014-03-07T12:39:07.737616 #6199]  INFO -- : 0:  tilt (1.4.1) from /usr/local/rvm/gems/ruby-2.1.0/specifications/tilt-1.4.1.gemspec
I, [2014-03-07T12:39:07.737890 #6199]  INFO -- : 0:  sprockets (2.2.2) from /usr/local/rvm/gems/ruby-2.1.0/specifications/sprockets-2.2.2.gemspec
I, [2014-03-07T12:39:07.738193 #6199]  INFO -- : 0:  actionpack (3.2.12) from /usr/local/rvm/gems/ruby-2.1.0/specifications/actionpack-3.2.12.gemspec
I, [2014-03-07T12:39:07.738473 #6199]  INFO -- : 0:  mime-types (1.25.1) from /usr/local/rvm/gems/ruby-2.1.0/specifications/mime-types-1.25.1.gemspec
I, [2014-03-07T12:39:07.738721 #6199]  INFO -- : 0:  polyglot (0.3.4) from /usr/local/rvm/gems/ruby-2.1.0/specifications/polyglot-0.3.4.gemspec
I, [2014-03-07T12:39:07.738984 #6199]  INFO -- : 0:  treetop (1.4.15) from /usr/local/rvm/gems/ruby-2.1.0/specifications/treetop-1.4.15.gemspec
I, [2014-03-07T12:39:07.739255 #6199]  INFO -- : 0:  mail (2.4.4) from /usr/local/rvm/gems/ruby-2.1.0/specifications/mail-2.4.4.gemspec
I, [2014-03-07T12:39:07.739544 #6199]  INFO -- : 0:  actionmailer (3.2.12) from /usr/local/rvm/gems/ruby-2.1.0/specifications/actionmailer-3.2.12.gemspec
I, [2014-03-07T12:39:07.739787 #6199]  INFO -- : 0:  active_utils (2.0.2) from /usr/local/rvm/gems/ruby-2.1.0/specifications/active_utils-2.0.2.gemspec
I, [2014-03-07T12:39:07.740059 #6199]  INFO -- : 0:  arbre (1.0.1) from /usr/local/rvm/gems/ruby-2.1.0/specifications/arbre-1.0.1.gemspec
I, [2014-03-07T12:39:07.740317 #6199]  INFO -- : 0:  sass (3.2.14) from /usr/local/rvm/gems/ruby-2.1.0/specifications/sass-3.2.14.gemspec
I, [2014-03-07T12:39:07.740579 #6199]  INFO -- : 0:  thor (0.18.1) from /usr/local/rvm/gems/ruby-2.1.0/specifications/thor-0.18.1.gemspec
I, [2014-03-07T12:39:07.740814 #6199]  INFO -- : 0:  bourbon (3.1.8) from /usr/local/rvm/gems/ruby-2.1.0/specifications/bourbon-3.1.8.gemspec
I, [2014-03-07T12:39:07.741077 #6199]  INFO -- : 0:  bcrypt (3.1.7) from /usr/local/rvm/gems/ruby-2.1.0/specifications/bcrypt-3.1.7.gemspec
I, [2014-03-07T12:39:07.741321 #6199]  INFO -- : 0:  bcrypt-ruby (3.1.5) from /usr/local/rvm/gems/ruby-2.1.0/specifications/bcrypt-ruby-3.1.5.gemspec
I, [2014-03-07T12:39:07.741578 #6199]  INFO -- : 0:  orm_adapter (0.5.0) from /usr/local/rvm/gems/ruby-2.1.0/specifications/orm_adapter-0.5.0.gemspec
I, [2014-03-07T12:39:07.741849 #6199]  INFO -- : 0:  rack-ssl (1.3.3) from /usr/local/rvm/gems/ruby-2.1.0/specifications/rack-ssl-1.3.3.gemspec
I, [2014-03-07T12:39:10.412013 #6199]  INFO -- : 0:  json (1.8.1) from /usr/local/rvm/gems/ruby-2.1.0/specifications/json-1.8.1.gemspec
I, [2014-03-07T12:39:10.412830 #6199]  INFO -- : 0:  rdoc (3.12.2) from /usr/local/rvm/gems/ruby-2.1.0/specifications/rdoc-3.12.2.gemspec
I, [2014-03-07T12:39:10.413466 #6199]  INFO -- : 0:  railties (3.2.12) from /usr/local/rvm/gems/ruby-2.1.0/specifications/railties-3.2.12.gemspec
I, [2014-03-07T12:39:10.414010 #6199]  INFO -- : 0:  warden (1.2.3) from /usr/local/rvm/gems/ruby-2.1.0/specifications/warden-1.2.3.gemspec
I, [2014-03-07T12:39:10.414564 #6199]  INFO -- : 0:  devise (3.0.0) from /usr/local/rvm/gems/ruby-2.1.0/specifications/devise-3.0.0.gemspec
I, [2014-03-07T12:39:10.415037 #6199]  INFO -- : 0:  fastercsv (1.5.5) from /usr/local/rvm/gems/ruby-2.1.0/specifications/fastercsv-1.5.5.gemspec
I, [2014-03-07T12:39:10.415638 #6199]  INFO -- : 0:  formtastic (2.2.1) from /usr/local/rvm/gems/ruby-2.1.0/specifications/formtastic-2.2.1.gemspec
I, [2014-03-07T12:39:10.416294 #6199]  INFO -- : 0:  has_scope (0.6.0.rc) from /usr/local/rvm/gems/ruby-2.1.0/specifications/has_scope-0.6.0.rc.gemspec
I, [2014-03-07T12:39:10.417072 #6199]  INFO -- : 0:  responders (1.0.0) from /usr/local/rvm/gems/ruby-2.1.0/specifications/responders-1.0.0.gemspec
I, [2014-03-07T12:39:10.418043 #6199]  INFO -- : 0:  inherited_resources (1.4.1) from /usr/local/rvm/gems/ruby-2.1.0/specifications/inherited_resources-1.4.1.gemspec
I, [2014-03-07T12:39:10.418929 #6199]  INFO -- : 0:  jquery-rails (3.1.0) from /usr/local/rvm/gems/ruby-2.1.0/specifications/jquery-rails-3.1.0.gemspec
I, [2014-03-07T12:39:10.419889 #6199]  INFO -- : 0:  kaminari (0.15.1) from /usr/local/rvm/gems/ruby-2.1.0/specifications/kaminari-0.15.1.gemspec
I, [2014-03-07T12:39:10.420709 #6199]  INFO -- : 0:  arel (3.0.3) from /usr/local/rvm/gems/ruby-2.1.0/specifications/arel-3.0.3.gemspec
I, [2014-03-07T12:39:10.421617 #6199]  INFO -- : 0:  tzinfo (0.3.38) from /usr/local/rvm/gems/ruby-2.1.0/specifications/tzinfo-0.3.38.gemspec
I, [2014-03-07T12:39:10.422420 #6199]  INFO -- : 0:  activerecord (3.2.12) from /usr/local/rvm/gems/ruby-2.1.0/specifications/activerecord-3.2.12.gemspec
I, [2014-03-07T12:39:10.423078 #6199]  INFO -- : 0:  polyamorous (0.5.0) from /usr/local/rvm/gems/ruby-2.1.0/specifications/polyamorous-0.5.0.gemspec
I, [2014-03-07T12:39:10.423564 #6199]  INFO -- : 0:  meta_search (1.1.3) from /usr/local/rvm/gems/ruby-2.1.0/specifications/meta_search-1.1.3.gemspec
I, [2014-03-07T12:39:10.424100 #6199]  INFO -- : 0:  activeresource (3.2.12) from /usr/local/rvm/gems/ruby-2.1.0/specifications/activeresource-3.2.12.gemspec
I, [2014-03-07T12:39:10.424773 #6199]  INFO -- : 0:  bundler (1.5.0) from /usr/local/rvm/gems/ruby-2.1.0@global/specifications/bundler-1.5.0.gemspec
I, [2014-03-07T12:39:10.425339 #6199]  INFO -- : 0:  rails (3.2.12) from /usr/local/rvm/gems/ruby-2.1.0/specifications/rails-3.2.12.gemspec
I, [2014-03-07T12:39:10.425910 #6199]  INFO -- : 0:  activeadmin (0.6.0) from /usr/local/rvm/gems/ruby-2.1.0/specifications/activeadmin-0.6.0.gemspec
I, [2014-03-07T12:39:10.426442 #6199]  INFO -- : 0:  monetize (0.1.4) from /usr/local/rvm/gems/ruby-2.1.0/specifications/monetize-0.1.4.gemspec
I, [2014-03-07T12:39:10.426981 #6199]  INFO -- : 0:  money (6.0.1) from /usr/local/rvm/gems/ruby-2.1.0/specifications/money-6.0.1.gemspec
I, [2014-03-07T12:39:10.427533 #6199]  INFO -- : 0:  mini_portile (0.5.2) from /usr/local/rvm/gems/ruby-2.1.0/specifications/mini_portile-0.5.2.gemspec
I, [2014-03-07T12:39:10.428079 #6199]  INFO -- : 0:  nokogiri (1.6.1) from /usr/local/rvm/gems/ruby-2.1.0/specifications/nokogiri-1.6.1.gemspec
I, [2014-03-07T12:39:10.428549 #6199]  INFO -- : 0:  activemerchant (1.42.6) from /usr/local/rvm/gems/ruby-2.1.0/specifications/activemerchant-1.42.6.gemspec
I, [2014-03-07T12:39:10.429088 #6199]  INFO -- : 0:  activerecord-reputation-system (2.0.2) from /usr/local/rvm/gems/ruby-2.1.0/specifications/activerecord-reputation-system-2.0.2.gemspec
I, [2014-03-07T12:39:10.429625 #6199]  INFO -- : 0:  acts-as-taggable-on (3.0.1) from /usr/local/rvm/gems/ruby-2.1.0/specifications/acts-as-taggable-on-3.0.1.gemspec
I, [2014-03-07T12:39:10.430153 #6199]  INFO -- : 0:  addressable (2.3.5) from /usr/local/rvm/gems/ruby-2.1.0/specifications/addressable-2.3.5.gemspec
I, [2014-03-07T12:39:10.430676 #6199]  INFO -- : 0:  awesome_print (1.2.0) from /usr/local/rvm/gems/ruby-2.1.0/specifications/awesome_print-1.2.0.gemspec
I, [2014-03-07T12:39:10.431174 #6199]  INFO -- : 0:  coderay (1.1.0) from /usr/local/rvm/gems/ruby-2.1.0/specifications/coderay-1.1.0.gemspec
I, [2014-03-07T12:39:10.431676 #6199]  INFO -- : 0:  better_errors (1.1.0) from /usr/local/rvm/gems/ruby-2.1.0/specifications/better_errors-1.1.0.gemspec
I, [2014-03-07T12:39:10.431959 #6199]  INFO -- : 0:  debug_inspector (0.0.2) from /usr/local/rvm/gems/ruby-2.1.0/specifications/debug_inspector-0.0.2.gemspec
I, [2014-03-07T12:39:10.432198 #6199]  INFO -- : 0:  binding_of_caller (0.7.2) from /usr/local/rvm/gems/ruby-2.1.0/specifications/binding_of_caller-0.7.2.gemspec
I, [2014-03-07T12:39:10.432485 #6199]  INFO -- : 0:  carrierwave (0.10.0) from /usr/local/rvm/gems/ruby-2.1.0/specifications/carrierwave-0.10.0.gemspec
I, [2014-03-07T12:39:10.432788 #6199]  INFO -- : 0:  streamio-ffmpeg (1.0.0) from /usr/local/rvm/gems/ruby-2.1.0/specifications/streamio-ffmpeg-1.0.0.gemspec
I, [2014-03-07T12:39:10.433045 #6199]  INFO -- : 0:  carrierwave-video (0.5.5) from /usr/local/rvm/gems/ruby-2.1.0/specifications/carrierwave-video-0.5.5.gemspec
I, [2014-03-07T12:39:10.433460 #6199]  INFO -- : 0:  ckeditor (3.7.3) from /usr/local/rvm/gems/ruby-2.1.0/specifications/ckeditor-3.7.3.gemspec
I, [2014-03-07T12:39:10.433889 #6199]  INFO -- : 0:  ckeditor_rails (4.3.1) from /usr/local/rvm/gems/ruby-2.1.0/specifications/ckeditor_rails-4.3.1.gemspec
I, [2014-03-07T12:39:10.434294 #6199]  INFO -- : 0:  client_side_validations (3.2.6) from /usr/local/rvm/gems/ruby-2.1.0/specifications/client_side_validations-3.2.6.gemspec
I, [2014-03-07T12:39:10.434578 #6199]  INFO -- : 0:  simple_form (2.1.1) from /usr/local/rvm/gems/ruby-2.1.0/specifications/simple_form-2.1.1.gemspec
I, [2014-03-07T12:39:10.434931 #6199]  INFO -- : 0:  client_side_validations-simple_form (2.1.0) from /usr/local/rvm/gems/ruby-2.1.0/specifications/client_side_validations-simple_form-2.1.0.gemspec
I, [2014-03-07T12:39:10.435214 #6199]  INFO -- : 0:  climate_control (0.0.3) from /usr/local/rvm/gems/ruby-2.1.0/specifications/climate_control-0.0.3.gemspec
I, [2014-03-07T12:39:10.435515 #6199]  INFO -- : 0:  cocaine (0.5.3) from /usr/local/rvm/gems/ruby-2.1.0/specifications/cocaine-0.5.3.gemspec
I, [2014-03-07T12:39:10.435753 #6199]  INFO -- : 0:  coffee-script-source (1.7.0) from /usr/local/rvm/gems/ruby-2.1.0/specifications/coffee-script-source-1.7.0.gemspec
I, [2014-03-07T12:39:10.436039 #6199]  INFO -- : 0:  execjs (2.0.2) from /usr/local/rvm/gems/ruby-2.1.0/specifications/execjs-2.0.2.gemspec
I, [2014-03-07T12:39:10.436278 #6199]  INFO -- : 0:  coffee-script (2.2.0) from /usr/local/rvm/gems/ruby-2.1.0/specifications/coffee-script-2.2.0.gemspec
I, [2014-03-07T12:39:10.436543 #6199]  INFO -- : 0:  coffee-rails (3.2.2) from /usr/local/rvm/gems/ruby-2.1.0/specifications/coffee-rails-3.2.2.gemspec
I, [2014-03-07T12:39:10.436863 #6199]  INFO -- : 0:  country-select (1.1.1) from /usr/local/rvm/gems/ruby-2.1.0/specifications/country-select-1.1.1.gemspec
I, [2014-03-07T12:39:10.437207 #6199]  INFO -- : 0:  credit_card_validations (1.4.1) from /usr/local/rvm/gems/ruby-2.1.0/specifications/credit_card_validations-1.4.1.gemspec
I, [2014-03-07T12:39:10.437525 #6199]  INFO -- : 0:  diff-lcs (1.2.5) from /usr/local/rvm/gems/ruby-2.1.0/specifications/diff-lcs-1.2.5.gemspec
I, [2014-03-07T12:39:10.437869 #6199]  INFO -- : 0:  excon (0.31.0) from /usr/local/rvm/gems/ruby-2.1.0/specifications/excon-0.31.0.gemspec
I, [2014-03-07T12:39:10.438247 #6199]  INFO -- : 0:  multipart-post (2.0.0) from /usr/local/rvm/gems/ruby-2.1.0/specifications/multipart-post-2.0.0.gemspec
I, [2014-03-07T12:39:10.438542 #6199]  INFO -- : 0:  faraday (0.9.0) from /usr/local/rvm/gems/ruby-2.1.0/specifications/faraday-0.9.0.gemspec
I, [2014-03-07T12:39:10.438827 #6199]  INFO -- : 0:  formatador (0.2.4) from /usr/local/rvm/gems/ruby-2.1.0/specifications/formatador-0.2.4.gemspec
I, [2014-03-07T12:39:10.439122 #6199]  INFO -- : 0:  net-ssh (2.8.0) from /usr/local/rvm/gems/ruby-2.1.0/specifications/net-ssh-2.8.0.gemspec
I, [2014-03-07T12:39:10.439410 #6199]  INFO -- : 0:  net-scp (1.1.2) from /usr/local/rvm/gems/ruby-2.1.0/specifications/net-scp-1.1.2.gemspec
I, [2014-03-07T12:39:10.439728 #6199]  INFO -- : 0:  fog (1.20.0) from /usr/local/rvm/gems/ruby-2.1.0/specifications/fog-1.20.0.gemspec
I, [2014-03-07T12:39:10.440021 #6199]  INFO -- : 0:  foreigner (1.6.1) from /usr/local/rvm/gems/ruby-2.1.0/specifications/foreigner-1.6.1.gemspec
I, [2014-03-07T12:39:10.440286 #6199]  INFO -- : 0:  geocoder (1.1.9) from /usr/local/rvm/gems/ruby-2.1.0/specifications/geocoder-1.1.9.gemspec
I, [2014-03-07T12:39:10.440583 #6199]  INFO -- : 0:  haml (4.0.5) from /usr/local/rvm/gems/ruby-2.1.0/specifications/haml-4.0.5.gemspec
I, [2014-03-07T12:39:10.440875 #6199]  INFO -- : 0:  hashie (2.0.5) from /usr/local/rvm/gems/ruby-2.1.0/specifications/hashie-2.0.5.gemspec
I, [2014-03-07T12:39:10.441155 #6199]  INFO -- : 0:  launchy (2.4.2) from /usr/local/rvm/gems/ruby-2.1.0/specifications/launchy-2.4.2.gemspec
I, [2014-03-07T12:39:10.441475 #6199]  INFO -- : 0:  netrc (0.7.7) from /usr/local/rvm/gems/ruby-2.1.0/specifications/netrc-0.7.7.gemspec
I, [2014-03-07T12:39:10.441742 #6199]  INFO -- : 0:  rest-client (1.6.7) from /usr/local/rvm/gems/ruby-2.1.0/specifications/rest-client-1.6.7.gemspec
I, [2014-03-07T12:39:10.442012 #6199]  INFO -- : 0:  rubyzip (1.1.0) from /usr/local/rvm/gems/ruby-2.1.0/specifications/rubyzip-1.1.0.gemspec
I, [2014-03-07T12:39:10.442311 #6199]  INFO -- : 0:  heroku (2.25.0) from /usr/local/rvm/gems/ruby-2.1.0/specifications/heroku-2.25.0.gemspec
I, [2014-03-07T12:39:10.442584 #6199]  INFO -- : 0:  httpclient (2.3.4.1) from /usr/local/rvm/gems/ruby-2.1.0/specifications/httpclient-2.3.4.1.gemspec
I, [2014-03-07T12:39:10.442869 #6199]  INFO -- : 0:  impressionist (1.5.1) from /usr/local/rvm/gems/ruby-2.1.0/specifications/impressionist-1.5.1.gemspec
I, [2014-03-07T12:39:10.443133 #6199]  INFO -- : 0:  jwt (0.1.11) from /usr/local/rvm/gems/ruby-2.1.0/specifications/jwt-0.1.11.gemspec
I, [2014-03-07T12:39:10.443399 #6199]  INFO -- : 0:  libv8 (3.16.14.3) from /usr/local/rvm/gems/ruby-2.1.0/specifications/libv8-3.16.14.3.gemspec
I, [2014-03-07T12:39:10.443686 #6199]  INFO -- : 0:  mailboxer (0.11.0) from /usr/local/rvm/gems/ruby-2.1.0/specifications/mailboxer-0.11.0.gemspec
I, [2014-03-07T12:39:10.742336 #6199]  INFO -- : 0:  make_flaggable (0.1.1) from /usr/local/rvm/gems/ruby-2.1.0/bundler/gems/make_flaggable-9819f5c75df7/make_flaggable.gemspec
I, [2014-03-07T12:39:10.742780 #6199]  INFO -- : 0:  multi_xml (0.5.5) from /usr/local/rvm/gems/ruby-2.1.0/specifications/multi_xml-0.5.5.gemspec
I, [2014-03-07T12:39:10.743141 #6199]  INFO -- : 0:  oauth (0.4.7) from /usr/local/rvm/gems/ruby-2.1.0/specifications/oauth-0.4.7.gemspec
I, [2014-03-07T12:39:10.743431 #6199]  INFO -- : 0:  oauth2 (0.9.3) from /usr/local/rvm/gems/ruby-2.1.0/specifications/oauth2-0.9.3.gemspec
I, [2014-03-07T12:39:10.743793 #6199]  INFO -- : 0:  omniauth (1.2.1) from /usr/local/rvm/gems/ruby-2.1.0/specifications/omniauth-1.2.1.gemspec
I, [2014-03-07T12:39:10.744156 #6199]  INFO -- : 0:  omniauth-oauth2 (1.1.2) from /usr/local/rvm/gems/ruby-2.1.0/specifications/omniauth-oauth2-1.1.2.gemspec
I, [2014-03-07T12:39:10.744418 #6199]  INFO -- : 0:  omniauth-facebook (1.6.0) from /usr/local/rvm/gems/ruby-2.1.0/specifications/omniauth-facebook-1.6.0.gemspec
I, [2014-03-07T12:39:10.744759 #6199]  INFO -- : 0:  omniauth-google-oauth2 (0.2.2) from /usr/local/rvm/gems/ruby-2.1.0/specifications/omniauth-google-oauth2-0.2.2.gemspec
I, [2014-03-07T12:39:10.745021 #6199]  INFO -- : 0:  omniauth-youtube (2.1) from /usr/local/rvm/gems/ruby-2.1.0/specifications/omniauth-youtube-2.1.gemspec
I, [2014-03-07T12:39:10.745371 #6199]  INFO -- : 0:  paperclip (3.5.4) from /usr/local/rvm/gems/ruby-2.1.0/specifications/paperclip-3.5.4.gemspec
I, [2014-03-07T12:39:10.745702 #6199]  INFO -- : 0:  paypal-recurring (1.1.0) from /usr/local/rvm/gems/ruby-2.1.0/specifications/paypal-recurring-1.1.0.gemspec
I, [2014-03-07T12:39:10.745957 #6199]  INFO -- : 0:  pg (0.17.1) from /usr/local/rvm/gems/ruby-2.1.0/specifications/pg-0.17.1.gemspec
I, [2014-03-07T12:39:10.746299 #6199]  INFO -- : 0:  pony (1.8) from /usr/local/rvm/gems/ruby-2.1.0/specifications/pony-1.8.gemspec
I, [2014-03-07T12:39:10.746557 #6199]  INFO -- : 0:  rails_serve_static_assets (0.0.2) from /usr/local/rvm/gems/ruby-2.1.0/specifications/rails_serve_static_assets-0.0.2.gemspec
I, [2014-03-07T12:39:10.746892 #6199]  INFO -- : 0:  rails_stdout_logging (0.0.3) from /usr/local/rvm/gems/ruby-2.1.0/specifications/rails_stdout_logging-0.0.3.gemspec
I, [2014-03-07T12:39:10.747226 #6199]  INFO -- : 0:  rails_12factor (0.0.2) from /usr/local/rvm/gems/ruby-2.1.0/specifications/rails_12factor-0.0.2.gemspec
I, [2014-03-07T12:39:10.747515 #6199]  INFO -- : 0:  ransack (0.7.2) from /usr/local/rvm/gems/ruby-2.1.0/specifications/ransack-0.7.2.gemspec
I, [2014-03-07T12:39:10.747854 #6199]  INFO -- : 0:  recaptcha (0.3.6) from /usr/local/rvm/gems/ruby-2.1.0/specifications/recaptcha-0.3.6.gemspec
I, [2014-03-07T12:39:10.748181 #6199]  INFO -- : 0:  ref (1.0.5) from /usr/local/rvm/gems/ruby-2.1.0/specifications/ref-1.0.5.gemspec
I, [2014-03-07T12:39:10.748524 #6199]  INFO -- : 0:  rspec-core (2.14.8) from /usr/local/rvm/gems/ruby-2.1.0/specifications/rspec-core-2.14.8.gemspec
I, [2014-03-07T12:39:10.748785 #6199]  INFO -- : 0:  rspec-expectations (2.14.5) from /usr/local/rvm/gems/ruby-2.1.0/specifications/rspec-expectations-2.14.5.gemspec
I, [2014-03-07T12:39:10.749102 #6199]  INFO -- : 0:  rspec-mocks (2.14.6) from /usr/local/rvm/gems/ruby-2.1.0/specifications/rspec-mocks-2.14.6.gemspec
I, [2014-03-07T12:39:10.749417 #6199]  INFO -- : 0:  rspec-rails (2.14.1) from /usr/local/rvm/gems/ruby-2.1.0/specifications/rspec-rails-2.14.1.gemspec
I, [2014-03-07T12:39:10.749755 #6199]  INFO -- : 0:  ruby-paypal (0.0.5) from /usr/local/rvm/gems/ruby-2.1.0/specifications/ruby-paypal-0.0.5.gemspec
I, [2014-03-07T12:39:10.750012 #6199]  INFO -- : 0:  sass-rails (3.2.6) from /usr/local/rvm/gems/ruby-2.1.0/specifications/sass-rails-3.2.6.gemspec
I, [2014-03-07T12:39:10.750350 #6199]  INFO -- : 0:  simple_oauth (0.2.0) from /usr/local/rvm/gems/ruby-2.1.0/specifications/simple_oauth-0.2.0.gemspec
I, [2014-03-07T12:39:10.750611 #6199]  INFO -- : 0:  stripe (1.10.1) from /usr/local/rvm/gems/ruby-2.1.0/specifications/stripe-1.10.1.gemspec
I, [2014-03-07T12:39:10.750949 #6199]  INFO -- : 0:  therubyracer (0.12.1) from /usr/local/rvm/gems/ruby-2.1.0/specifications/therubyracer-0.12.1.gemspec
I, [2014-03-07T12:39:10.751204 #6199]  INFO -- : 0:  uglifier (2.4.0) from /usr/local/rvm/gems/ruby-2.1.0/specifications/uglifier-2.4.0.gemspec
I, [2014-03-07T12:39:10.751538 #6199]  INFO -- : 0:  youtube_it (2.1.1) from /usr/local/rvm/gems/ruby-2.1.0/specifications/youtube_it-2.1.1.gemspec
I, [2014-03-07T12:39:10.751855 #6199]  INFO -- : 0:  zencoder (2.4.5) from /usr/local/rvm/gems/ruby-2.1.0/specifications/zencoder-2.4.5.gemspec
I, [2014-03-07T12:39:57.139052 #6251]  INFO -- : 0:  rake (10.1.1) from /usr/local/rvm/gems/ruby-2.1.0/specifications/rake-10.1.1.gemspec
I, [2014-03-07T12:39:57.139485 #6251]  INFO -- : 0:  i18n (0.6.9) from /usr/local/rvm/gems/ruby-2.1.0/specifications/i18n-0.6.9.gemspec
I, [2014-03-07T12:39:57.139777 #6251]  INFO -- : 0:  multi_json (1.9.0) from /usr/local/rvm/gems/ruby-2.1.0/specifications/multi_json-1.9.0.gemspec
I, [2014-03-07T12:39:57.140099 #6251]  INFO -- : 0:  activesupport (3.2.12) from /usr/local/rvm/gems/ruby-2.1.0/specifications/activesupport-3.2.12.gemspec
I, [2014-03-07T12:39:57.140385 #6251]  INFO -- : 0:  builder (3.0.4) from /usr/local/rvm/gems/ruby-2.1.0/specifications/builder-3.0.4.gemspec
I, [2014-03-07T12:39:57.140686 #6251]  INFO -- : 0:  activemodel (3.2.12) from /usr/local/rvm/gems/ruby-2.1.0/specifications/activemodel-3.2.12.gemspec
I, [2014-03-07T12:39:57.140980 #6251]  INFO -- : 0:  erubis (2.7.0) from /usr/local/rvm/gems/ruby-2.1.0/specifications/erubis-2.7.0.gemspec
I, [2014-03-07T12:39:57.141263 #6251]  INFO -- : 0:  journey (1.0.4) from /usr/local/rvm/gems/ruby-2.1.0/specifications/journey-1.0.4.gemspec
I, [2014-03-07T12:39:57.141552 #6251]  INFO -- : 0:  rack (1.4.5) from /usr/local/rvm/gems/ruby-2.1.0/specifications/rack-1.4.5.gemspec
I, [2014-03-07T12:39:57.141822 #6251]  INFO -- : 0:  rack-cache (1.2) from /usr/local/rvm/gems/ruby-2.1.0/specifications/rack-cache-1.2.gemspec
I, [2014-03-07T12:39:57.142104 #6251]  INFO -- : 0:  rack-test (0.6.2) from /usr/local/rvm/gems/ruby-2.1.0/specifications/rack-test-0.6.2.gemspec
I, [2014-03-07T12:39:57.142373 #6251]  INFO -- : 0:  hike (1.2.3) from /usr/local/rvm/gems/ruby-2.1.0/specifications/hike-1.2.3.gemspec
I, [2014-03-07T12:39:57.142659 #6251]  INFO -- : 0:  tilt (1.4.1) from /usr/local/rvm/gems/ruby-2.1.0/specifications/tilt-1.4.1.gemspec
I, [2014-03-07T12:39:57.142954 #6251]  INFO -- : 0:  sprockets (2.2.2) from /usr/local/rvm/gems/ruby-2.1.0/specifications/sprockets-2.2.2.gemspec
I, [2014-03-07T12:39:57.143242 #6251]  INFO -- : 0:  actionpack (3.2.12) from /usr/local/rvm/gems/ruby-2.1.0/specifications/actionpack-3.2.12.gemspec
I, [2014-03-07T12:39:57.143555 #6251]  INFO -- : 0:  mime-types (1.25.1) from /usr/local/rvm/gems/ruby-2.1.0/specifications/mime-types-1.25.1.gemspec
I, [2014-03-07T12:39:57.143861 #6251]  INFO -- : 0:  polyglot (0.3.4) from /usr/local/rvm/gems/ruby-2.1.0/specifications/polyglot-0.3.4.gemspec
I, [2014-03-07T12:39:57.144159 #6251]  INFO -- : 0:  treetop (1.4.15) from /usr/local/rvm/gems/ruby-2.1.0/specifications/treetop-1.4.15.gemspec
I, [2014-03-07T12:39:57.144446 #6251]  INFO -- : 0:  mail (2.4.4) from /usr/local/rvm/gems/ruby-2.1.0/specifications/mail-2.4.4.gemspec
I, [2014-03-07T12:39:57.144707 #6251]  INFO -- : 0:  actionmailer (3.2.12) from /usr/local/rvm/gems/ruby-2.1.0/specifications/actionmailer-3.2.12.gemspec
I, [2014-03-07T12:39:57.145012 #6251]  INFO -- : 0:  active_utils (2.0.2) from /usr/local/rvm/gems/ruby-2.1.0/specifications/active_utils-2.0.2.gemspec
I, [2014-03-07T12:39:57.145264 #6251]  INFO -- : 0:  arbre (1.0.1) from /usr/local/rvm/gems/ruby-2.1.0/specifications/arbre-1.0.1.gemspec
I, [2014-03-07T12:39:57.145540 #6251]  INFO -- : 0:  sass (3.2.14) from /usr/local/rvm/gems/ruby-2.1.0/specifications/sass-3.2.14.gemspec
I, [2014-03-07T12:39:57.145815 #6251]  INFO -- : 0:  thor (0.18.1) from /usr/local/rvm/gems/ruby-2.1.0/specifications/thor-0.18.1.gemspec
I, [2014-03-07T12:39:57.146152 #6251]  INFO -- : 0:  bourbon (3.1.8) from /usr/local/rvm/gems/ruby-2.1.0/specifications/bourbon-3.1.8.gemspec
I, [2014-03-07T12:39:57.146388 #6251]  INFO -- : 0:  bcrypt (3.1.7) from /usr/local/rvm/gems/ruby-2.1.0/specifications/bcrypt-3.1.7.gemspec
I, [2014-03-07T12:39:57.146690 #6251]  INFO -- : 0:  bcrypt-ruby (3.1.5) from /usr/local/rvm/gems/ruby-2.1.0/specifications/bcrypt-ruby-3.1.5.gemspec
I, [2014-03-07T12:39:57.146997 #6251]  INFO -- : 0:  orm_adapter (0.5.0) from /usr/local/rvm/gems/ruby-2.1.0/specifications/orm_adapter-0.5.0.gemspec
I, [2014-03-07T12:39:57.147310 #6251]  INFO -- : 0:  rack-ssl (1.3.3) from /usr/local/rvm/gems/ruby-2.1.0/specifications/rack-ssl-1.3.3.gemspec
I, [2014-03-07T12:39:58.198462 #6251]  INFO -- : 0:  json (1.8.1) from /usr/local/rvm/gems/ruby-2.1.0/specifications/json-1.8.1.gemspec
I, [2014-03-07T12:39:58.199373 #6251]  INFO -- : 0:  rdoc (3.12.2) from /usr/local/rvm/gems/ruby-2.1.0/specifications/rdoc-3.12.2.gemspec
I, [2014-03-07T12:39:58.204221 #6251]  INFO -- : 0:  railties (3.2.12) from /usr/local/rvm/gems/ruby-2.1.0/specifications/railties-3.2.12.gemspec
I, [2014-03-07T12:39:58.204629 #6251]  INFO -- : 0:  warden (1.2.3) from /usr/local/rvm/gems/ruby-2.1.0/specifications/warden-1.2.3.gemspec
I, [2014-03-07T12:39:58.205200 #6251]  INFO -- : 0:  devise (3.0.0) from /usr/local/rvm/gems/ruby-2.1.0/specifications/devise-3.0.0.gemspec
I, [2014-03-07T12:39:58.205755 #6251]  INFO -- : 0:  fastercsv (1.5.5) from /usr/local/rvm/gems/ruby-2.1.0/specifications/fastercsv-1.5.5.gemspec
I, [2014-03-07T12:39:58.206355 #6251]  INFO -- : 0:  formtastic (2.2.1) from /usr/local/rvm/gems/ruby-2.1.0/specifications/formtastic-2.2.1.gemspec
I, [2014-03-07T12:39:58.207235 #6251]  INFO -- : 0:  has_scope (0.6.0.rc) from /usr/local/rvm/gems/ruby-2.1.0/specifications/has_scope-0.6.0.rc.gemspec
I, [2014-03-07T12:39:58.207966 #6251]  INFO -- : 0:  responders (1.0.0) from /usr/local/rvm/gems/ruby-2.1.0/specifications/responders-1.0.0.gemspec
I, [2014-03-07T12:39:58.208586 #6251]  INFO -- : 0:  inherited_resources (1.4.1) from /usr/local/rvm/gems/ruby-2.1.0/specifications/inherited_resources-1.4.1.gemspec
I, [2014-03-07T12:39:58.209227 #6251]  INFO -- : 0:  jquery-rails (3.1.0) from /usr/local/rvm/gems/ruby-2.1.0/specifications/jquery-rails-3.1.0.gemspec
I, [2014-03-07T12:39:58.209785 #6251]  INFO -- : 0:  kaminari (0.15.1) from /usr/local/rvm/gems/ruby-2.1.0/specifications/kaminari-0.15.1.gemspec
I, [2014-03-07T12:39:58.210353 #6251]  INFO -- : 0:  arel (3.0.3) from /usr/local/rvm/gems/ruby-2.1.0/specifications/arel-3.0.3.gemspec
I, [2014-03-07T12:39:58.210952 #6251]  INFO -- : 0:  tzinfo (0.3.38) from /usr/local/rvm/gems/ruby-2.1.0/specifications/tzinfo-0.3.38.gemspec
I, [2014-03-07T12:39:58.211604 #6251]  INFO -- : 0:  activerecord (3.2.12) from /usr/local/rvm/gems/ruby-2.1.0/specifications/activerecord-3.2.12.gemspec
I, [2014-03-07T12:39:58.212288 #6251]  INFO -- : 0:  polyamorous (0.5.0) from /usr/local/rvm/gems/ruby-2.1.0/specifications/polyamorous-0.5.0.gemspec
I, [2014-03-07T12:39:58.212884 #6251]  INFO -- : 0:  meta_search (1.1.3) from /usr/local/rvm/gems/ruby-2.1.0/specifications/meta_search-1.1.3.gemspec
I, [2014-03-07T12:39:58.213440 #6251]  INFO -- : 0:  activeresource (3.2.12) from /usr/local/rvm/gems/ruby-2.1.0/specifications/activeresource-3.2.12.gemspec
I, [2014-03-07T12:39:58.213969 #6251]  INFO -- : 0:  bundler (1.5.0) from /usr/local/rvm/gems/ruby-2.1.0@global/specifications/bundler-1.5.0.gemspec
I, [2014-03-07T12:39:58.214517 #6251]  INFO -- : 0:  rails (3.2.12) from /usr/local/rvm/gems/ruby-2.1.0/specifications/rails-3.2.12.gemspec
I, [2014-03-07T12:39:58.215024 #6251]  INFO -- : 0:  activeadmin (0.6.0) from /usr/local/rvm/gems/ruby-2.1.0/specifications/activeadmin-0.6.0.gemspec
I, [2014-03-07T12:39:58.215575 #6251]  INFO -- : 0:  monetize (0.1.4) from /usr/local/rvm/gems/ruby-2.1.0/specifications/monetize-0.1.4.gemspec
I, [2014-03-07T12:39:58.215859 #6251]  INFO -- : 0:  money (6.0.1) from /usr/local/rvm/gems/ruby-2.1.0/specifications/money-6.0.1.gemspec
I, [2014-03-07T12:39:58.216148 #6251]  INFO -- : 0:  mini_portile (0.5.2) from /usr/local/rvm/gems/ruby-2.1.0/specifications/mini_portile-0.5.2.gemspec
I, [2014-03-07T12:39:58.216436 #6251]  INFO -- : 0:  nokogiri (1.6.1) from /usr/local/rvm/gems/ruby-2.1.0/specifications/nokogiri-1.6.1.gemspec
I, [2014-03-07T12:39:58.216809 #6251]  INFO -- : 0:  activemerchant (1.42.6) from /usr/local/rvm/gems/ruby-2.1.0/specifications/activemerchant-1.42.6.gemspec
I, [2014-03-07T12:39:58.217251 #6251]  INFO -- : 0:  activerecord-reputation-system (2.0.2) from /usr/local/rvm/gems/ruby-2.1.0/specifications/activerecord-reputation-system-2.0.2.gemspec
I, [2014-03-07T12:39:58.217680 #6251]  INFO -- : 0:  acts-as-taggable-on (3.0.1) from /usr/local/rvm/gems/ruby-2.1.0/specifications/acts-as-taggable-on-3.0.1.gemspec
I, [2014-03-07T12:39:58.217974 #6251]  INFO -- : 0:  addressable (2.3.5) from /usr/local/rvm/gems/ruby-2.1.0/specifications/addressable-2.3.5.gemspec
I, [2014-03-07T12:39:58.218315 #6251]  INFO -- : 0:  awesome_print (1.2.0) from /usr/local/rvm/gems/ruby-2.1.0/specifications/awesome_print-1.2.0.gemspec
I, [2014-03-07T12:39:58.218660 #6251]  INFO -- : 0:  coderay (1.1.0) from /usr/local/rvm/gems/ruby-2.1.0/specifications/coderay-1.1.0.gemspec
I, [2014-03-07T12:39:58.219005 #6251]  INFO -- : 0:  better_errors (1.1.0) from /usr/local/rvm/gems/ruby-2.1.0/specifications/better_errors-1.1.0.gemspec
I, [2014-03-07T12:39:58.219304 #6251]  INFO -- : 0:  debug_inspector (0.0.2) from /usr/local/rvm/gems/ruby-2.1.0/specifications/debug_inspector-0.0.2.gemspec
I, [2014-03-07T12:39:58.219588 #6251]  INFO -- : 0:  binding_of_caller (0.7.2) from /usr/local/rvm/gems/ruby-2.1.0/specifications/binding_of_caller-0.7.2.gemspec
I, [2014-03-07T12:39:58.219871 #6251]  INFO -- : 0:  carrierwave (0.10.0) from /usr/local/rvm/gems/ruby-2.1.0/specifications/carrierwave-0.10.0.gemspec
I, [2014-03-07T12:39:58.220158 #6251]  INFO -- : 0:  streamio-ffmpeg (1.0.0) from /usr/local/rvm/gems/ruby-2.1.0/specifications/streamio-ffmpeg-1.0.0.gemspec
I, [2014-03-07T12:39:58.220459 #6251]  INFO -- : 0:  carrierwave-video (0.5.5) from /usr/local/rvm/gems/ruby-2.1.0/specifications/carrierwave-video-0.5.5.gemspec
I, [2014-03-07T12:39:58.220798 #6251]  INFO -- : 0:  ckeditor (3.7.3) from /usr/local/rvm/gems/ruby-2.1.0/specifications/ckeditor-3.7.3.gemspec
I, [2014-03-07T12:39:58.221278 #6251]  INFO -- : 0:  ckeditor_rails (4.3.1) from /usr/local/rvm/gems/ruby-2.1.0/specifications/ckeditor_rails-4.3.1.gemspec
I, [2014-03-07T12:39:58.221747 #6251]  INFO -- : 0:  client_side_validations (3.2.6) from /usr/local/rvm/gems/ruby-2.1.0/specifications/client_side_validations-3.2.6.gemspec
I, [2014-03-07T12:39:58.222104 #6251]  INFO -- : 0:  simple_form (2.1.1) from /usr/local/rvm/gems/ruby-2.1.0/specifications/simple_form-2.1.1.gemspec
I, [2014-03-07T12:39:58.222466 #6251]  INFO -- : 0:  client_side_validations-simple_form (2.1.0) from /usr/local/rvm/gems/ruby-2.1.0/specifications/client_side_validations-simple_form-2.1.0.gemspec
I, [2014-03-07T12:39:58.222750 #6251]  INFO -- : 0:  climate_control (0.0.3) from /usr/local/rvm/gems/ruby-2.1.0/specifications/climate_control-0.0.3.gemspec
I, [2014-03-07T12:39:58.223027 #6251]  INFO -- : 0:  cocaine (0.5.3) from /usr/local/rvm/gems/ruby-2.1.0/specifications/cocaine-0.5.3.gemspec
I, [2014-03-07T12:39:58.223341 #6251]  INFO -- : 0:  coffee-script-source (1.7.0) from /usr/local/rvm/gems/ruby-2.1.0/specifications/coffee-script-source-1.7.0.gemspec
I, [2014-03-07T12:39:58.223670 #6251]  INFO -- : 0:  execjs (2.0.2) from /usr/local/rvm/gems/ruby-2.1.0/specifications/execjs-2.0.2.gemspec
I, [2014-03-07T12:39:58.223978 #6251]  INFO -- : 0:  coffee-script (2.2.0) from /usr/local/rvm/gems/ruby-2.1.0/specifications/coffee-script-2.2.0.gemspec
I, [2014-03-07T12:39:58.224305 #6251]  INFO -- : 0:  coffee-rails (3.2.2) from /usr/local/rvm/gems/ruby-2.1.0/specifications/coffee-rails-3.2.2.gemspec
I, [2014-03-07T12:39:58.224543 #6251]  INFO -- : 0:  country-select (1.1.1) from /usr/local/rvm/gems/ruby-2.1.0/specifications/country-select-1.1.1.gemspec
I, [2014-03-07T12:39:58.224881 #6251]  INFO -- : 0:  credit_card_validations (1.4.1) from /usr/local/rvm/gems/ruby-2.1.0/specifications/credit_card_validations-1.4.1.gemspec
I, [2014-03-07T12:39:58.225130 #6251]  INFO -- : 0:  diff-lcs (1.2.5) from /usr/local/rvm/gems/ruby-2.1.0/specifications/diff-lcs-1.2.5.gemspec
I, [2014-03-07T12:39:58.225472 #6251]  INFO -- : 0:  excon (0.31.0) from /usr/local/rvm/gems/ruby-2.1.0/specifications/excon-0.31.0.gemspec
I, [2014-03-07T12:39:58.225781 #6251]  INFO -- : 0:  multipart-post (2.0.0) from /usr/local/rvm/gems/ruby-2.1.0/specifications/multipart-post-2.0.0.gemspec
I, [2014-03-07T12:39:58.226022 #6251]  INFO -- : 0:  faraday (0.9.0) from /usr/local/rvm/gems/ruby-2.1.0/specifications/faraday-0.9.0.gemspec
I, [2014-03-07T12:39:58.226361 #6251]  INFO -- : 0:  formatador (0.2.4) from /usr/local/rvm/gems/ruby-2.1.0/specifications/formatador-0.2.4.gemspec
I, [2014-03-07T12:39:58.226643 #6251]  INFO -- : 0:  net-ssh (2.8.0) from /usr/local/rvm/gems/ruby-2.1.0/specifications/net-ssh-2.8.0.gemspec
I, [2014-03-07T12:39:58.226925 #6251]  INFO -- : 0:  net-scp (1.1.2) from /usr/local/rvm/gems/ruby-2.1.0/specifications/net-scp-1.1.2.gemspec
I, [2014-03-07T12:39:58.227215 #6251]  INFO -- : 0:  fog (1.20.0) from /usr/local/rvm/gems/ruby-2.1.0/specifications/fog-1.20.0.gemspec
I, [2014-03-07T12:39:58.227545 #6251]  INFO -- : 0:  foreigner (1.6.1) from /usr/local/rvm/gems/ruby-2.1.0/specifications/foreigner-1.6.1.gemspec
I, [2014-03-07T12:39:58.227899 #6251]  INFO -- : 0:  geocoder (1.1.9) from /usr/local/rvm/gems/ruby-2.1.0/specifications/geocoder-1.1.9.gemspec
I, [2014-03-07T12:39:58.228192 #6251]  INFO -- : 0:  haml (4.0.5) from /usr/local/rvm/gems/ruby-2.1.0/specifications/haml-4.0.5.gemspec
I, [2014-03-07T12:39:58.228462 #6251]  INFO -- : 0:  hashie (2.0.5) from /usr/local/rvm/gems/ruby-2.1.0/specifications/hashie-2.0.5.gemspec
I, [2014-03-07T12:39:58.228727 #6251]  INFO -- : 0:  launchy (2.4.2) from /usr/local/rvm/gems/ruby-2.1.0/specifications/launchy-2.4.2.gemspec
I, [2014-03-07T12:39:58.228989 #6251]  INFO -- : 0:  netrc (0.7.7) from /usr/local/rvm/gems/ruby-2.1.0/specifications/netrc-0.7.7.gemspec
I, [2014-03-07T12:39:58.229254 #6251]  INFO -- : 0:  rest-client (1.6.7) from /usr/local/rvm/gems/ruby-2.1.0/specifications/rest-client-1.6.7.gemspec
I, [2014-03-07T12:39:58.229556 #6251]  INFO -- : 0:  rubyzip (1.1.0) from /usr/local/rvm/gems/ruby-2.1.0/specifications/rubyzip-1.1.0.gemspec
I, [2014-03-07T12:39:58.229890 #6251]  INFO -- : 0:  heroku (2.25.0) from /usr/local/rvm/gems/ruby-2.1.0/specifications/heroku-2.25.0.gemspec
I, [2014-03-07T12:39:58.230214 #6251]  INFO -- : 0:  httpclient (2.3.4.1) from /usr/local/rvm/gems/ruby-2.1.0/specifications/httpclient-2.3.4.1.gemspec
I, [2014-03-07T12:39:58.230461 #6251]  INFO -- : 0:  impressionist (1.5.1) from /usr/local/rvm/gems/ruby-2.1.0/specifications/impressionist-1.5.1.gemspec
I, [2014-03-07T12:39:58.230769 #6251]  INFO -- : 0:  jwt (0.1.11) from /usr/local/rvm/gems/ruby-2.1.0/specifications/jwt-0.1.11.gemspec
I, [2014-03-07T12:39:58.231045 #6251]  INFO -- : 0:  libv8 (3.16.14.3) from /usr/local/rvm/gems/ruby-2.1.0/specifications/libv8-3.16.14.3.gemspec
I, [2014-03-07T12:39:58.231305 #6251]  INFO -- : 0:  mailboxer (0.11.0) from /usr/local/rvm/gems/ruby-2.1.0/specifications/mailboxer-0.11.0.gemspec
I, [2014-03-07T12:39:58.259385 #6251]  INFO -- : 0:  make_flaggable (0.1.1) from /usr/local/rvm/gems/ruby-2.1.0/bundler/gems/make_flaggable-9819f5c75df7/make_flaggable.gemspec
I, [2014-03-07T12:39:58.259734 #6251]  INFO -- : 0:  multi_xml (0.5.5) from /usr/local/rvm/gems/ruby-2.1.0/specifications/multi_xml-0.5.5.gemspec
I, [2014-03-07T12:39:58.260055 #6251]  INFO -- : 0:  oauth (0.4.7) from /usr/local/rvm/gems/ruby-2.1.0/specifications/oauth-0.4.7.gemspec
I, [2014-03-07T12:39:58.260426 #6251]  INFO -- : 0:  oauth2 (0.9.3) from /usr/local/rvm/gems/ruby-2.1.0/specifications/oauth2-0.9.3.gemspec
I, [2014-03-07T12:39:58.260746 #6251]  INFO -- : 0:  omniauth (1.2.1) from /usr/local/rvm/gems/ruby-2.1.0/specifications/omniauth-1.2.1.gemspec
I, [2014-03-07T12:39:58.260992 #6251]  INFO -- : 0:  omniauth-oauth2 (1.1.2) from /usr/local/rvm/gems/ruby-2.1.0/specifications/omniauth-oauth2-1.1.2.gemspec
I, [2014-03-07T12:39:58.261286 #6251]  INFO -- : 0:  omniauth-facebook (1.6.0) from /usr/local/rvm/gems/ruby-2.1.0/specifications/omniauth-facebook-1.6.0.gemspec
I, [2014-03-07T12:39:58.261611 #6251]  INFO -- : 0:  omniauth-google-oauth2 (0.2.2) from /usr/local/rvm/gems/ruby-2.1.0/specifications/omniauth-google-oauth2-0.2.2.gemspec
I, [2014-03-07T12:39:58.261859 #6251]  INFO -- : 0:  omniauth-youtube (2.1) from /usr/local/rvm/gems/ruby-2.1.0/specifications/omniauth-youtube-2.1.gemspec
I, [2014-03-07T12:39:58.262182 #6251]  INFO -- : 0:  paperclip (3.5.4) from /usr/local/rvm/gems/ruby-2.1.0/specifications/paperclip-3.5.4.gemspec
I, [2014-03-07T12:39:58.262492 #6251]  INFO -- : 0:  paypal-recurring (1.1.0) from /usr/local/rvm/gems/ruby-2.1.0/specifications/paypal-recurring-1.1.0.gemspec
I, [2014-03-07T12:39:58.262799 #6251]  INFO -- : 0:  pg (0.17.1) from /usr/local/rvm/gems/ruby-2.1.0/specifications/pg-0.17.1.gemspec
I, [2014-03-07T12:39:58.263096 #6251]  INFO -- : 0:  pony (1.8) from /usr/local/rvm/gems/ruby-2.1.0/specifications/pony-1.8.gemspec
I, [2014-03-07T12:39:58.263403 #6251]  INFO -- : 0:  rails_serve_static_assets (0.0.2) from /usr/local/rvm/gems/ruby-2.1.0/specifications/rails_serve_static_assets-0.0.2.gemspec
I, [2014-03-07T12:39:58.263709 #6251]  INFO -- : 0:  rails_stdout_logging (0.0.3) from /usr/local/rvm/gems/ruby-2.1.0/specifications/rails_stdout_logging-0.0.3.gemspec
I, [2014-03-07T12:39:58.263984 #6251]  INFO -- : 0:  rails_12factor (0.0.2) from /usr/local/rvm/gems/ruby-2.1.0/specifications/rails_12factor-0.0.2.gemspec
I, [2014-03-07T12:39:58.264297 #6251]  INFO -- : 0:  ransack (0.7.2) from /usr/local/rvm/gems/ruby-2.1.0/specifications/ransack-0.7.2.gemspec
I, [2014-03-07T12:39:58.264606 #6251]  INFO -- : 0:  recaptcha (0.3.6) from /usr/local/rvm/gems/ruby-2.1.0/specifications/recaptcha-0.3.6.gemspec
I, [2014-03-07T12:39:58.264909 #6251]  INFO -- : 0:  ref (1.0.5) from /usr/local/rvm/gems/ruby-2.1.0/specifications/ref-1.0.5.gemspec
I, [2014-03-07T12:39:58.265226 #6251]  INFO -- : 0:  rspec-core (2.14.8) from /usr/local/rvm/gems/ruby-2.1.0/specifications/rspec-core-2.14.8.gemspec
I, [2014-03-07T12:39:58.265650 #6251]  INFO -- : 0:  rspec-expectations (2.14.5) from /usr/local/rvm/gems/ruby-2.1.0/specifications/rspec-expectations-2.14.5.gemspec
I, [2014-03-07T12:39:58.266203 #6251]  INFO -- : 0:  rspec-mocks (2.14.6) from /usr/local/rvm/gems/ruby-2.1.0/specifications/rspec-mocks-2.14.6.gemspec
I, [2014-03-07T12:39:58.266565 #6251]  INFO -- : 0:  rspec-rails (2.14.1) from /usr/local/rvm/gems/ruby-2.1.0/specifications/rspec-rails-2.14.1.gemspec
I, [2014-03-07T12:39:58.266930 #6251]  INFO -- : 0:  ruby-paypal (0.0.5) from /usr/local/rvm/gems/ruby-2.1.0/specifications/ruby-paypal-0.0.5.gemspec
I, [2014-03-07T12:39:58.267294 #6251]  INFO -- : 0:  sass-rails (3.2.6) from /usr/local/rvm/gems/ruby-2.1.0/specifications/sass-rails-3.2.6.gemspec
I, [2014-03-07T12:39:58.267653 #6251]  INFO -- : 0:  simple_oauth (0.2.0) from /usr/local/rvm/gems/ruby-2.1.0/specifications/simple_oauth-0.2.0.gemspec
I, [2014-03-07T12:39:58.267957 #6251]  INFO -- : 0:  stripe (1.10.1) from /usr/local/rvm/gems/ruby-2.1.0/specifications/stripe-1.10.1.gemspec
I, [2014-03-07T12:39:58.268261 #6251]  INFO -- : 0:  therubyracer (0.12.1) from /usr/local/rvm/gems/ruby-2.1.0/specifications/therubyracer-0.12.1.gemspec
I, [2014-03-07T12:39:58.268531 #6251]  INFO -- : 0:  uglifier (2.4.0) from /usr/local/rvm/gems/ruby-2.1.0/specifications/uglifier-2.4.0.gemspec
I, [2014-03-07T12:39:58.268809 #6251]  INFO -- : 0:  youtube_it (2.1.1) from /usr/local/rvm/gems/ruby-2.1.0/specifications/youtube_it-2.1.1.gemspec
I, [2014-03-07T12:39:58.269083 #6251]  INFO -- : 0:  zencoder (2.4.5) from /usr/local/rvm/gems/ruby-2.1.0/specifications/zencoder-2.4.5.gemspec
